{"C:\\Users\\KairaviBaxi\\Desktop\\Mid-office-development\\mid-office-axiom\\src\\modules\\DRS\\DRS.tsx": {"path":"C:\\Users\\KairaviBaxi\\Desktop\\Mid-office-development\\mid-office-axiom\\src\\modules\\DRS\\DRS.tsx","statementMap":{"0":{"start":{"line":1,"column":0},"end":{"line":1,"column":63}},"1":{"start":{"line":2,"column":0},"end":{"line":2,"column":60}},"2":{"start":{"line":3,"column":0},"end":{"line":3,"column":58}},"3":{"start":{"line":4,"column":0},"end":{"line":4,"column":34}},"4":{"start":{"line":5,"column":0},"end":{"line":5,"column":42}},"5":{"start":{"line":7,"column":0},"end":{"line":7,"column":55}},"6":{"start":{"line":8,"column":0},"end":{"line":8,"column":63}},"7":{"start":{"line":10,"column":15},"end":{"line":20,"column":null}},"8":{"start":{"line":22,"column":12},"end":{"line":67,"column":1}},"9":{"start":{"line":23,"column":21},"end":{"line":23,"column":59}},"10":{"start":{"line":24,"column":34},"end":{"line":24,"column":76}},"11":{"start":{"line":26,"column":19},"end":{"line":26,"column":58}},"12":{"start":{"line":27,"column":23},"end":{"line":27,"column":56}},"13":{"start":{"line":28,"column":21},"end":{"line":28,"column":34}},"14":{"start":{"line":30,"column":21},"end":{"line":30,"column":47}},"15":{"start":{"line":31,"column":26},"end":{"line":31,"column":49}},"16":{"start":{"line":34,"column":4},"end":{"line":51,"column":44}},"17":{"start":{"line":35,"column":8},"end":{"line":37,"column":9}},"18":{"start":{"line":36,"column":12},"end":{"line":36,"column":19}},"19":{"start":{"line":39,"column":8},"end":{"line":44,"column":10}},"20":{"start":{"line":46,"column":8},"end":{"line":50,"column":10}},"21":{"start":{"line":54,"column":4},"end":{"line":66,"column":null}},"22":{"start":{"line":56,"column":61},"end":{"line":56,"column":86}},"23":{"start":{"line":58,"column":43},"end":{"line":58,"column":73}},"24":{"start":{"line":59,"column":16},"end":{"line":63,"column":18}},"25":{"start":{"line":69,"column":0},"end":{"line":69,"column":null}}},"fnMap":{"0":{"name":"(anonymous_1)","decl":{"start":{"line":22,"column":12},"end":{"line":22,"column":15}},"loc":{"start":{"line":22,"column":17},"end":{"line":67,"column":1}}},"1":{"name":"(anonymous_2)","decl":{"start":{"line":34,"column":14},"end":{"line":34,"column":17}},"loc":{"start":{"line":34,"column":19},"end":{"line":51,"column":5}}},"2":{"name":"(anonymous_3)","decl":{"start":{"line":56,"column":55},"end":{"line":56,"column":58}},"loc":{"start":{"line":56,"column":61},"end":{"line":56,"column":86}}},"3":{"name":"(anonymous_4)","decl":{"start":{"line":57,"column":28},"end":{"line":57,"column":29}},"loc":{"start":{"line":57,"column":44},"end":{"line":64,"column":13}}}},"branchMap":{"0":{"loc":{"start":{"line":23,"column":21},"end":{"line":23,"column":59}},"type":"binary-expr","locations":[{"start":{"line":23,"column":21},"end":{"line":23,"column":53}},{"start":{"line":23,"column":57},"end":{"line":23,"column":59}}]},"1":{"loc":{"start":{"line":27,"column":23},"end":{"line":27,"column":56}},"type":"cond-expr","locations":[{"start":{"line":27,"column":32},"end":{"line":27,"column":51}},{"start":{"line":27,"column":54},"end":{"line":27,"column":56}}]},"2":{"loc":{"start":{"line":31,"column":26},"end":{"line":31,"column":49}},"type":"binary-expr","locations":[{"start":{"line":31,"column":26},"end":{"line":31,"column":43}},{"start":{"line":31,"column":47},"end":{"line":31,"column":49}}]},"3":{"loc":{"start":{"line":35,"column":8},"end":{"line":37,"column":9}},"type":"if","locations":[{"start":{"line":35,"column":8},"end":{"line":37,"column":9}},{"start":{},"end":{}}]}},"s":{"0":1,"1":1,"2":1,"3":1,"4":1,"5":1,"6":1,"7":1,"8":1,"9":2,"10":2,"11":2,"12":2,"13":2,"14":2,"15":2,"16":2,"17":2,"18":0,"19":2,"20":2,"21":2,"22":1,"23":4,"24":4,"25":1},"f":{"0":2,"1":2,"2":1,"3":4},"b":{"0":[2,0],"1":[2,0],"2":[2,0],"3":[0,2]}}
,"C:\\Users\\KairaviBaxi\\Desktop\\Mid-office-development\\mid-office-axiom\\src\\modules\\Grievance\\Grievance.tsx": {"path":"C:\\Users\\KairaviBaxi\\Desktop\\Mid-office-development\\mid-office-axiom\\src\\modules\\Grievance\\Grievance.tsx","statementMap":{"0":{"start":{"line":1,"column":0},"end":{"line":1,"column":80}},"1":{"start":{"line":2,"column":0},"end":{"line":2,"column":52}},"2":{"start":{"line":3,"column":0},"end":{"line":3,"column":60}},"3":{"start":{"line":4,"column":0},"end":{"line":4,"column":60}},"4":{"start":{"line":5,"column":0},"end":{"line":5,"column":76}},"5":{"start":{"line":6,"column":0},"end":{"line":6,"column":61}},"6":{"start":{"line":7,"column":0},"end":{"line":7,"column":75}},"7":{"start":{"line":8,"column":0},"end":{"line":8,"column":null}},"8":{"start":{"line":16,"column":0},"end":{"line":16,"column":51}},"9":{"start":{"line":17,"column":0},"end":{"line":17,"column":67}},"10":{"start":{"line":18,"column":0},"end":{"line":18,"column":79}},"11":{"start":{"line":19,"column":0},"end":{"line":19,"column":67}},"12":{"start":{"line":21,"column":0},"end":{"line":21,"column":63}},"13":{"start":{"line":22,"column":0},"end":{"line":22,"column":48}},"14":{"start":{"line":24,"column":24},"end":{"line":34,"column":2}},"15":{"start":{"line":36,"column":19},"end":{"line":39,"column":2}},"16":{"start":{"line":41,"column":27},"end":{"line":48,"column":2}},"17":{"start":{"line":59,"column":21},"end":{"line":71,"column":2}},"18":{"start":{"line":59,"column":54},"end":{"line":71,"column":2}},"19":{"start":{"line":60,"column":19},"end":{"line":60,"column":35}},"20":{"start":{"line":61,"column":4},"end":{"line":68,"column":6}},"21":{"start":{"line":62,"column":8},"end":{"line":65,"column":9}},"22":{"start":{"line":63,"column":12},"end":{"line":63,"column":54}},"23":{"start":{"line":64,"column":12},"end":{"line":64,"column":19}},"24":{"start":{"line":66,"column":32},"end":{"line":66,"column":56}},"25":{"start":{"line":67,"column":8},"end":{"line":67,"column":24}},"26":{"start":{"line":69,"column":4},"end":{"line":69,"column":69}},"27":{"start":{"line":69,"column":27},"end":{"line":69,"column":68}},"28":{"start":{"line":70,"column":4},"end":{"line":70,"column":31}},"29":{"start":{"line":73,"column":18},"end":{"line":487,"column":1}},"30":{"start":{"line":74,"column":21},"end":{"line":74,"column":37}},"31":{"start":{"line":75,"column":21},"end":{"line":75,"column":34}},"32":{"start":{"line":76,"column":21},"end":{"line":76,"column":34}},"33":{"start":{"line":77,"column":22},"end":{"line":77,"column":58}},"34":{"start":{"line":78,"column":21},"end":{"line":78,"column":59}},"35":{"start":{"line":79,"column":30},"end":{"line":79,"column":108}},"36":{"start":{"line":80,"column":29},"end":{"line":80,"column":103}},"37":{"start":{"line":81,"column":25},"end":{"line":81,"column":62}},"38":{"start":{"line":83,"column":46},"end":{"line":83,"column":86}},"39":{"start":{"line":84,"column":36},"end":{"line":84,"column":67}},"40":{"start":{"line":85,"column":42},"end":{"line":85,"column":74}},"41":{"start":{"line":86,"column":34},"end":{"line":86,"column":46}},"42":{"start":{"line":87,"column":34},"end":{"line":87,"column":49}},"43":{"start":{"line":88,"column":46},"end":{"line":88,"column":61}},"44":{"start":{"line":89,"column":40},"end":{"line":89,"column":69}},"45":{"start":{"line":90,"column":46},"end":{"line":90,"column":75}},"46":{"start":{"line":91,"column":54},"end":{"line":91,"column":86}},"47":{"start":{"line":92,"column":42},"end":{"line":92,"column":71}},"48":{"start":{"line":93,"column":52},"end":{"line":93,"column":67}},"49":{"start":{"line":94,"column":48},"end":{"line":94,"column":77}},"50":{"start":{"line":95,"column":60},"end":{"line":95,"column":75}},"51":{"start":{"line":97,"column":41},"end":{"line":97,"column":113}},"52":{"start":{"line":99,"column":4},"end":{"line":114,"column":38}},"53":{"start":{"line":100,"column":31},"end":{"line":112,"column":9}},"54":{"start":{"line":101,"column":12},"end":{"line":111,"column":13}},"55":{"start":{"line":102,"column":16},"end":{"line":102,"column":33}},"56":{"start":{"line":103,"column":16},"end":{"line":103,"column":36}},"57":{"start":{"line":104,"column":33},"end":{"line":104,"column":110}},"58":{"start":{"line":105,"column":16},"end":{"line":105,"column":43}},"59":{"start":{"line":106,"column":16},"end":{"line":106,"column":68}},"60":{"start":{"line":106,"column":56},"end":{"line":106,"column":64}},"61":{"start":{"line":108,"column":16},"end":{"line":108,"column":101}},"62":{"start":{"line":110,"column":16},"end":{"line":110,"column":34}},"63":{"start":{"line":113,"column":8},"end":{"line":113,"column":30}},"64":{"start":{"line":116,"column":36},"end":{"line":118,"column":5}},"65":{"start":{"line":117,"column":8},"end":{"line":117,"column":94}},"66":{"start":{"line":117,"column":28},"end":{"line":117,"column":92}},"67":{"start":{"line":117,"column":42},"end":{"line":117,"column":91}},"68":{"start":{"line":120,"column":32},"end":{"line":147,"column":5}},"69":{"start":{"line":121,"column":8},"end":{"line":123,"column":9}},"70":{"start":{"line":122,"column":12},"end":{"line":122,"column":19}},"71":{"start":{"line":125,"column":8},"end":{"line":146,"column":9}},"72":{"start":{"line":126,"column":12},"end":{"line":126,"column":33}},"73":{"start":{"line":127,"column":34},"end":{"line":133,"column":null}},"74":{"start":{"line":128,"column":55},"end":{"line":133,"column":18}},"75":{"start":{"line":136,"column":12},"end":{"line":143,"column":15}},"76":{"start":{"line":137,"column":31},"end":{"line":137,"column":58}},"77":{"start":{"line":138,"column":32},"end":{"line":138,"column":67}},"78":{"start":{"line":139,"column":16},"end":{"line":141,"column":19}},"79":{"start":{"line":140,"column":20},"end":{"line":140,"column":88}},"80":{"start":{"line":142,"column":16},"end":{"line":142,"column":52}},"81":{"start":{"line":145,"column":12},"end":{"line":145,"column":105}},"82":{"start":{"line":149,"column":30},"end":{"line":151,"column":5}},"83":{"start":{"line":150,"column":8},"end":{"line":150,"column":38}},"84":{"start":{"line":153,"column":35},"end":{"line":155,"column":5}},"85":{"start":{"line":154,"column":8},"end":{"line":154,"column":115}},"86":{"start":{"line":154,"column":39},"end":{"line":154,"column":113}},"87":{"start":{"line":154,"column":61},"end":{"line":154,"column":112}},"88":{"start":{"line":157,"column":25},"end":{"line":178,"column":5}},"89":{"start":{"line":158,"column":8},"end":{"line":177,"column":9}},"90":{"start":{"line":159,"column":12},"end":{"line":159,"column":35}},"91":{"start":{"line":160,"column":12},"end":{"line":160,"column":35}},"92":{"start":{"line":161,"column":29},"end":{"line":167,"column":24}},"93":{"start":{"line":168,"column":12},"end":{"line":172,"column":15}},"94":{"start":{"line":174,"column":12},"end":{"line":174,"column":97}},"95":{"start":{"line":176,"column":12},"end":{"line":176,"column":36}},"96":{"start":{"line":180,"column":28},"end":{"line":206,"column":5}},"97":{"start":{"line":181,"column":8},"end":{"line":184,"column":9}},"98":{"start":{"line":182,"column":12},"end":{"line":182,"column":74}},"99":{"start":{"line":183,"column":12},"end":{"line":183,"column":19}},"100":{"start":{"line":186,"column":8},"end":{"line":205,"column":9}},"101":{"start":{"line":187,"column":12},"end":{"line":187,"column":38}},"102":{"start":{"line":188,"column":12},"end":{"line":188,"column":36}},"103":{"start":{"line":190,"column":29},"end":{"line":194,"column":24}},"104":{"start":{"line":196,"column":12},"end":{"line":200,"column":15}},"105":{"start":{"line":202,"column":12},"end":{"line":202,"column":97}},"106":{"start":{"line":204,"column":12},"end":{"line":204,"column":39}},"107":{"start":{"line":208,"column":22},"end":{"line":212,"column":6}},"108":{"start":{"line":214,"column":24},"end":{"line":214,"column":83}},"109":{"start":{"line":215,"column":22},"end":{"line":215,"column":102}},"110":{"start":{"line":215,"column":28},"end":{"line":215,"column":102}},"111":{"start":{"line":215,"column":95},"end":{"line":215,"column":99}},"112":{"start":{"line":216,"column":22},"end":{"line":216,"column":168}},"113":{"start":{"line":216,"column":38},"end":{"line":216,"column":168}},"114":{"start":{"line":216,"column":76},"end":{"line":216,"column":89}},"115":{"start":{"line":216,"column":91},"end":{"line":216,"column":152}},"116":{"start":{"line":216,"column":111},"end":{"line":216,"column":127}},"117":{"start":{"line":216,"column":137},"end":{"line":216,"column":150}},"118":{"start":{"line":216,"column":153},"end":{"line":216,"column":165}},"119":{"start":{"line":218,"column":47},"end":{"line":261,"column":6}},"120":{"start":{"line":222,"column":32},"end":{"line":222,"column":167}},"121":{"start":{"line":223,"column":37},"end":{"line":223,"column":187}},"122":{"start":{"line":223,"column":131},"end":{"line":223,"column":169}},"123":{"start":{"line":229,"column":31},"end":{"line":229,"column":95}},"124":{"start":{"line":235,"column":31},"end":{"line":235,"column":95}},"125":{"start":{"line":242,"column":16},"end":{"line":251,"column":null}},"126":{"start":{"line":244,"column":37},"end":{"line":244,"column":105}},"127":{"start":{"line":259,"column":31},"end":{"line":259,"column":95}},"128":{"start":{"line":263,"column":4},"end":{"line":486,"column":6}},"129":{"start":{"line":277,"column":39},"end":{"line":277,"column":96}},"130":{"start":{"line":300,"column":28},"end":{"line":301,"column":null}},"131":{"start":{"line":345,"column":44},"end":{"line":345,"column":67}},"132":{"start":{"line":346,"column":44},"end":{"line":346,"column":68}},"133":{"start":{"line":347,"column":44},"end":{"line":347,"column":95}},"134":{"start":{"line":350,"column":44},"end":{"line":350,"column":67}},"135":{"start":{"line":351,"column":44},"end":{"line":351,"column":68}},"136":{"start":{"line":367,"column":44},"end":{"line":367,"column":89}},"137":{"start":{"line":368,"column":44},"end":{"line":368,"column":68}},"138":{"start":{"line":375,"column":48},"end":{"line":376,"column":null}},"139":{"start":{"line":405,"column":71},"end":{"line":405,"column":119}},"140":{"start":{"line":426,"column":57},"end":{"line":426,"column":83}},"141":{"start":{"line":458,"column":36},"end":{"line":458,"column":65}},"142":{"start":{"line":458,"column":58},"end":{"line":458,"column":65}},"143":{"start":{"line":459,"column":36},"end":{"line":459,"column":66}},"144":{"start":{"line":480,"column":31},"end":{"line":480,"column":61}},"145":{"start":{"line":482,"column":20},"end":{"line":482,"column":43}},"146":{"start":{"line":489,"column":0},"end":{"line":489,"column":25}}},"fnMap":{"0":{"name":"(anonymous_1)","decl":{"start":{"line":59,"column":21},"end":{"line":59,"column":22}},"loc":{"start":{"line":59,"column":54},"end":{"line":71,"column":2}}},"1":{"name":"(anonymous_2)","decl":{"start":{"line":59,"column":66},"end":{"line":59,"column":67}},"loc":{"start":{"line":59,"column":86},"end":{"line":71,"column":1}}},"2":{"name":"(anonymous_3)","decl":{"start":{"line":61,"column":20},"end":{"line":61,"column":23}},"loc":{"start":{"line":61,"column":25},"end":{"line":68,"column":5}}},"3":{"name":"(anonymous_4)","decl":{"start":{"line":69,"column":21},"end":{"line":69,"column":24}},"loc":{"start":{"line":69,"column":27},"end":{"line":69,"column":68}}},"4":{"name":"(anonymous_5)","decl":{"start":{"line":73,"column":18},"end":{"line":73,"column":21}},"loc":{"start":{"line":73,"column":23},"end":{"line":487,"column":1}}},"5":{"name":"(anonymous_6)","decl":{"start":{"line":99,"column":14},"end":{"line":99,"column":17}},"loc":{"start":{"line":99,"column":19},"end":{"line":114,"column":5}}},"6":{"name":"(anonymous_7)","decl":{"start":{"line":100,"column":31},"end":{"line":100,"column":36}},"loc":{"start":{"line":100,"column":42},"end":{"line":112,"column":9}}},"7":{"name":"(anonymous_8)","decl":{"start":{"line":106,"column":50},"end":{"line":106,"column":51}},"loc":{"start":{"line":106,"column":56},"end":{"line":106,"column":64}}},"8":{"name":"(anonymous_9)","decl":{"start":{"line":116,"column":36},"end":{"line":116,"column":37}},"loc":{"start":{"line":116,"column":69},"end":{"line":118,"column":5}}},"9":{"name":"(anonymous_10)","decl":{"start":{"line":117,"column":20},"end":{"line":117,"column":24}},"loc":{"start":{"line":117,"column":28},"end":{"line":117,"column":92}}},"10":{"name":"(anonymous_11)","decl":{"start":{"line":117,"column":37},"end":{"line":117,"column":38}},"loc":{"start":{"line":117,"column":42},"end":{"line":117,"column":91}}},"11":{"name":"(anonymous_12)","decl":{"start":{"line":120,"column":32},"end":{"line":120,"column":37}},"loc":{"start":{"line":120,"column":65},"end":{"line":147,"column":5}}},"12":{"name":"(anonymous_13)","decl":{"start":{"line":128,"column":38},"end":{"line":128,"column":43}},"loc":{"start":{"line":128,"column":55},"end":{"line":133,"column":18}}},"13":{"name":"(anonymous_14)","decl":{"start":{"line":136,"column":33},"end":{"line":136,"column":34}},"loc":{"start":{"line":136,"column":42},"end":{"line":143,"column":13}}},"14":{"name":"(anonymous_15)","decl":{"start":{"line":139,"column":31},"end":{"line":139,"column":32}},"loc":{"start":{"line":139,"column":40},"end":{"line":141,"column":17}}},"15":{"name":"(anonymous_16)","decl":{"start":{"line":149,"column":30},"end":{"line":149,"column":33}},"loc":{"start":{"line":149,"column":35},"end":{"line":151,"column":5}}},"16":{"name":"(anonymous_17)","decl":{"start":{"line":153,"column":35},"end":{"line":153,"column":36}},"loc":{"start":{"line":153,"column":70},"end":{"line":155,"column":5}}},"17":{"name":"(anonymous_18)","decl":{"start":{"line":154,"column":29},"end":{"line":154,"column":30}},"loc":{"start":{"line":154,"column":39},"end":{"line":154,"column":113}}},"18":{"name":"(anonymous_19)","decl":{"start":{"line":154,"column":51},"end":{"line":154,"column":52}},"loc":{"start":{"line":154,"column":61},"end":{"line":154,"column":112}}},"19":{"name":"(anonymous_20)","decl":{"start":{"line":157,"column":25},"end":{"line":157,"column":30}},"loc":{"start":{"line":157,"column":36},"end":{"line":178,"column":5}}},"20":{"name":"(anonymous_21)","decl":{"start":{"line":180,"column":28},"end":{"line":180,"column":33}},"loc":{"start":{"line":180,"column":39},"end":{"line":206,"column":5}}},"21":{"name":"(anonymous_22)","decl":{"start":{"line":215,"column":22},"end":{"line":215,"column":25}},"loc":{"start":{"line":215,"column":28},"end":{"line":215,"column":102}}},"22":{"name":"(anonymous_23)","decl":{"start":{"line":215,"column":90},"end":{"line":215,"column":91}},"loc":{"start":{"line":215,"column":95},"end":{"line":215,"column":99}}},"23":{"name":"(anonymous_24)","decl":{"start":{"line":216,"column":22},"end":{"line":216,"column":23}},"loc":{"start":{"line":216,"column":38},"end":{"line":216,"column":168}}},"24":{"name":"(anonymous_25)","decl":{"start":{"line":216,"column":53},"end":{"line":216,"column":57}},"loc":{"start":{"line":216,"column":60},"end":{"line":216,"column":167}}},"25":{"name":"(anonymous_26)","decl":{"start":{"line":222,"column":26},"end":{"line":222,"column":29}},"loc":{"start":{"line":222,"column":32},"end":{"line":222,"column":167}}},"26":{"name":"(anonymous_27)","decl":{"start":{"line":223,"column":20},"end":{"line":223,"column":21}},"loc":{"start":{"line":223,"column":37},"end":{"line":223,"column":187}}},"27":{"name":"(anonymous_28)","decl":{"start":{"line":223,"column":125},"end":{"line":223,"column":128}},"loc":{"start":{"line":223,"column":131},"end":{"line":223,"column":169}}},"28":{"name":"(anonymous_29)","decl":{"start":{"line":229,"column":20},"end":{"line":229,"column":21}},"loc":{"start":{"line":229,"column":31},"end":{"line":229,"column":95}}},"29":{"name":"(anonymous_30)","decl":{"start":{"line":235,"column":20},"end":{"line":235,"column":21}},"loc":{"start":{"line":235,"column":31},"end":{"line":235,"column":95}}},"30":{"name":"(anonymous_31)","decl":{"start":{"line":241,"column":20},"end":{"line":241,"column":21}},"loc":{"start":{"line":242,"column":16},"end":{"line":251,"column":null}}},"31":{"name":"(anonymous_32)","decl":{"start":{"line":244,"column":30},"end":{"line":244,"column":31}},"loc":{"start":{"line":244,"column":37},"end":{"line":244,"column":105}}},"32":{"name":"(anonymous_33)","decl":{"start":{"line":259,"column":20},"end":{"line":259,"column":21}},"loc":{"start":{"line":259,"column":31},"end":{"line":259,"column":95}}},"33":{"name":"(anonymous_34)","decl":{"start":{"line":277,"column":33},"end":{"line":277,"column":36}},"loc":{"start":{"line":277,"column":39},"end":{"line":277,"column":96}}},"34":{"name":"(anonymous_35)","decl":{"start":{"line":299,"column":39},"end":{"line":299,"column":40}},"loc":{"start":{"line":300,"column":28},"end":{"line":301,"column":null}}},"35":{"name":"(anonymous_36)","decl":{"start":{"line":344,"column":48},"end":{"line":344,"column":49}},"loc":{"start":{"line":344,"column":58},"end":{"line":348,"column":41}}},"36":{"name":"(anonymous_37)","decl":{"start":{"line":349,"column":52},"end":{"line":349,"column":53}},"loc":{"start":{"line":349,"column":62},"end":{"line":352,"column":41}}},"37":{"name":"(anonymous_38)","decl":{"start":{"line":366,"column":50},"end":{"line":366,"column":51}},"loc":{"start":{"line":366,"column":60},"end":{"line":369,"column":41}}},"38":{"name":"(anonymous_39)","decl":{"start":{"line":374,"column":67},"end":{"line":374,"column":68}},"loc":{"start":{"line":375,"column":48},"end":{"line":376,"column":null}}},"39":{"name":"(anonymous_40)","decl":{"start":{"line":405,"column":65},"end":{"line":405,"column":68}},"loc":{"start":{"line":405,"column":71},"end":{"line":405,"column":119}}},"40":{"name":"(anonymous_41)","decl":{"start":{"line":426,"column":50},"end":{"line":426,"column":51}},"loc":{"start":{"line":426,"column":57},"end":{"line":426,"column":83}}},"41":{"name":"(anonymous_42)","decl":{"start":{"line":457,"column":41},"end":{"line":457,"column":44}},"loc":{"start":{"line":457,"column":46},"end":{"line":460,"column":33}}},"42":{"name":"(anonymous_43)","decl":{"start":{"line":480,"column":25},"end":{"line":480,"column":28}},"loc":{"start":{"line":480,"column":31},"end":{"line":480,"column":61}}},"43":{"name":"(anonymous_44)","decl":{"start":{"line":481,"column":27},"end":{"line":481,"column":30}},"loc":{"start":{"line":481,"column":32},"end":{"line":483,"column":17}}}},"branchMap":{"0":{"loc":{"start":{"line":62,"column":8},"end":{"line":65,"column":9}},"type":"if","locations":[{"start":{"line":62,"column":8},"end":{"line":65,"column":9}},{"start":{},"end":{}}]},"1":{"loc":{"start":{"line":66,"column":17},"end":{"line":66,"column":28}},"type":"default-arg","locations":[{"start":{"line":66,"column":26},"end":{"line":66,"column":28}}]},"2":{"loc":{"start":{"line":78,"column":21},"end":{"line":78,"column":59}},"type":"binary-expr","locations":[{"start":{"line":78,"column":21},"end":{"line":78,"column":53}},{"start":{"line":78,"column":57},"end":{"line":78,"column":59}}]},"3":{"loc":{"start":{"line":79,"column":30},"end":{"line":79,"column":108}},"type":"binary-expr","locations":[{"start":{"line":79,"column":30},"end":{"line":79,"column":57}},{"start":{"line":79,"column":61},"end":{"line":79,"column":102}},{"start":{"line":79,"column":106},"end":{"line":79,"column":108}}]},"4":{"loc":{"start":{"line":80,"column":29},"end":{"line":80,"column":103}},"type":"binary-expr","locations":[{"start":{"line":80,"column":29},"end":{"line":80,"column":51}},{"start":{"line":80,"column":55},"end":{"line":80,"column":91}},{"start":{"line":80,"column":95},"end":{"line":80,"column":103}}]},"5":{"loc":{"start":{"line":108,"column":30},"end":{"line":108,"column":99}},"type":"cond-expr","locations":[{"start":{"line":108,"column":53},"end":{"line":108,"column":64}},{"start":{"line":108,"column":67},"end":{"line":108,"column":99}}]},"6":{"loc":{"start":{"line":117,"column":42},"end":{"line":117,"column":91}},"type":"cond-expr","locations":[{"start":{"line":117,"column":59},"end":{"line":117,"column":87}},{"start":{"line":117,"column":90},"end":{"line":117,"column":91}}]},"7":{"loc":{"start":{"line":121,"column":8},"end":{"line":123,"column":9}},"type":"if","locations":[{"start":{"line":121,"column":8},"end":{"line":123,"column":9}},{"start":{},"end":{}}]},"8":{"loc":{"start":{"line":121,"column":12},"end":{"line":121,"column":40}},"type":"binary-expr","locations":[{"start":{"line":121,"column":12},"end":{"line":121,"column":18}},{"start":{"line":121,"column":22},"end":{"line":121,"column":40}}]},"9":{"loc":{"start":{"line":130,"column":30},"end":{"line":130,"column":69}},"type":"binary-expr","locations":[{"start":{"line":130,"column":30},"end":{"line":130,"column":39}},{"start":{"line":130,"column":43},"end":{"line":130,"column":69}}]},"10":{"loc":{"start":{"line":145,"column":27},"end":{"line":145,"column":103}},"type":"cond-expr","locations":[{"start":{"line":145,"column":52},"end":{"line":145,"column":65}},{"start":{"line":145,"column":68},"end":{"line":145,"column":103}}]},"11":{"loc":{"start":{"line":154,"column":63},"end":{"line":154,"column":111}},"type":"binary-expr","locations":[{"start":{"line":154,"column":63},"end":{"line":154,"column":89}},{"start":{"line":154,"column":93},"end":{"line":154,"column":111}}]},"12":{"loc":{"start":{"line":170,"column":37},"end":{"line":170,"column":91}},"type":"binary-expr","locations":[{"start":{"line":170,"column":37},"end":{"line":170,"column":53}},{"start":{"line":170,"column":57},"end":{"line":170,"column":91}}]},"13":{"loc":{"start":{"line":174,"column":29},"end":{"line":174,"column":95}},"type":"cond-expr","locations":[{"start":{"line":174,"column":52},"end":{"line":174,"column":63}},{"start":{"line":174,"column":66},"end":{"line":174,"column":95}}]},"14":{"loc":{"start":{"line":181,"column":8},"end":{"line":184,"column":9}},"type":"if","locations":[{"start":{"line":181,"column":8},"end":{"line":184,"column":9}},{"start":{},"end":{}}]},"15":{"loc":{"start":{"line":181,"column":12},"end":{"line":181,"column":43}},"type":"binary-expr","locations":[{"start":{"line":181,"column":12},"end":{"line":181,"column":30}},{"start":{"line":181,"column":34},"end":{"line":181,"column":43}}]},"16":{"loc":{"start":{"line":198,"column":37},"end":{"line":198,"column":100}},"type":"binary-expr","locations":[{"start":{"line":198,"column":37},"end":{"line":198,"column":53}},{"start":{"line":198,"column":57},"end":{"line":198,"column":100}}]},"17":{"loc":{"start":{"line":202,"column":30},"end":{"line":202,"column":95}},"type":"cond-expr","locations":[{"start":{"line":202,"column":55},"end":{"line":202,"column":68}},{"start":{"line":202,"column":71},"end":{"line":202,"column":95}}]},"18":{"loc":{"start":{"line":209,"column":61},"end":{"line":209,"column":95}},"type":"binary-expr","locations":[{"start":{"line":209,"column":61},"end":{"line":209,"column":88}},{"start":{"line":209,"column":92},"end":{"line":209,"column":95}}]},"19":{"loc":{"start":{"line":210,"column":72},"end":{"line":210,"column":109}},"type":"binary-expr","locations":[{"start":{"line":210,"column":72},"end":{"line":210,"column":102}},{"start":{"line":210,"column":106},"end":{"line":210,"column":109}}]},"20":{"loc":{"start":{"line":211,"column":65},"end":{"line":211,"column":99}},"type":"binary-expr","locations":[{"start":{"line":211,"column":65},"end":{"line":211,"column":92}},{"start":{"line":211,"column":96},"end":{"line":211,"column":99}}]},"21":{"loc":{"start":{"line":214,"column":24},"end":{"line":214,"column":83}},"type":"binary-expr","locations":[{"start":{"line":214,"column":24},"end":{"line":214,"column":43}},{"start":{"line":214,"column":47},"end":{"line":214,"column":83}}]},"22":{"loc":{"start":{"line":215,"column":43},"end":{"line":215,"column":101}},"type":"cond-expr","locations":[{"start":{"line":215,"column":57},"end":{"line":215,"column":66}},{"start":{"line":215,"column":69},"end":{"line":215,"column":101}}]},"23":{"loc":{"start":{"line":216,"column":91},"end":{"line":216,"column":152}},"type":"if","locations":[{"start":{"line":216,"column":91},"end":{"line":216,"column":152}},{"start":{"line":216,"column":135},"end":{"line":216,"column":152}}]},"24":{"loc":{"start":{"line":222,"column":92},"end":{"line":222,"column":128}},"type":"binary-expr","locations":[{"start":{"line":222,"column":92},"end":{"line":222,"column":112}},{"start":{"line":222,"column":116},"end":{"line":222,"column":128}}]},"25":{"loc":{"start":{"line":286,"column":21},"end":{"line":287,"column":null}},"type":"binary-expr","locations":[{"start":{"line":286,"column":21},"end":{"line":286,"column":31}},{"start":{"line":287,"column":24},"end":{"line":287,"column":115}}]},"26":{"loc":{"start":{"line":307,"column":49},"end":{"line":307,"column":110}},"type":"cond-expr","locations":[{"start":{"line":307,"column":82},"end":{"line":307,"column":101}},{"start":{"line":307,"column":104},"end":{"line":307,"column":110}}]},"27":{"loc":{"start":{"line":323,"column":29},"end":{"line":330,"column":null}},"type":"cond-expr","locations":[{"start":{"line":324,"column":32},"end":{"line":324,"column":108}},{"start":{"line":326,"column":32},"end":{"line":329,"column":null}}]},"28":{"loc":{"start":{"line":372,"column":37},"end":{"line":411,"column":null}},"type":"binary-expr","locations":[{"start":{"line":372,"column":37},"end":{"line":372,"column":65}},{"start":{"line":373,"column":40},"end":{"line":410,"column":null}}]},"29":{"loc":{"start":{"line":414,"column":37},"end":{"line":417,"column":null}},"type":"binary-expr","locations":[{"start":{"line":414,"column":37},"end":{"line":414,"column":48}},{"start":{"line":415,"column":40},"end":{"line":416,"column":null}}]},"30":{"loc":{"start":{"line":430,"column":37},"end":{"line":433,"column":null}},"type":"binary-expr","locations":[{"start":{"line":430,"column":37},"end":{"line":430,"column":50}},{"start":{"line":431,"column":40},"end":{"line":432,"column":null}}]},"31":{"loc":{"start":{"line":431,"column":86},"end":{"line":431,"column":154}},"type":"cond-expr","locations":[{"start":{"line":431,"column":133},"end":{"line":431,"column":142}},{"start":{"line":431,"column":145},"end":{"line":431,"column":154}}]},"32":{"loc":{"start":{"line":442,"column":41},"end":{"line":442,"column":92}},"type":"cond-expr","locations":[{"start":{"line":442,"column":57},"end":{"line":442,"column":72}},{"start":{"line":442,"column":75},"end":{"line":442,"column":92}}]},"33":{"loc":{"start":{"line":454,"column":44},"end":{"line":454,"column":88}},"type":"cond-expr","locations":[{"start":{"line":454,"column":63},"end":{"line":454,"column":76}},{"start":{"line":454,"column":79},"end":{"line":454,"column":88}}]},"34":{"loc":{"start":{"line":455,"column":45},"end":{"line":455,"column":71}},"type":"cond-expr","locations":[{"start":{"line":455,"column":64},"end":{"line":455,"column":67}},{"start":{"line":455,"column":70},"end":{"line":455,"column":71}}]},"35":{"loc":{"start":{"line":458,"column":36},"end":{"line":458,"column":65}},"type":"if","locations":[{"start":{"line":458,"column":36},"end":{"line":458,"column":65}},{"start":{},"end":{}}]},"36":{"loc":{"start":{"line":464,"column":37},"end":{"line":464,"column":87}},"type":"cond-expr","locations":[{"start":{"line":464,"column":56},"end":{"line":464,"column":71}},{"start":{"line":464,"column":74},"end":{"line":464,"column":87}}]},"37":{"loc":{"start":{"line":467,"column":29},"end":{"line":470,"column":null}},"type":"binary-expr","locations":[{"start":{"line":467,"column":29},"end":{"line":467,"column":43}},{"start":{"line":468,"column":32},"end":{"line":469,"column":null}}]}},"s":{"0":1,"1":1,"2":1,"3":1,"4":1,"5":1,"6":1,"7":1,"8":1,"9":1,"10":1,"11":1,"12":1,"13":1,"14":1,"15":1,"16":1,"17":1,"18":0,"19":0,"20":0,"21":0,"22":0,"23":0,"24":0,"25":0,"26":0,"27":0,"28":0,"29":1,"30":22,"31":22,"32":22,"33":22,"34":22,"35":22,"36":22,"37":22,"38":22,"39":22,"40":22,"41":22,"42":22,"43":22,"44":22,"45":22,"46":22,"47":22,"48":22,"49":22,"50":22,"51":22,"52":22,"53":2,"54":2,"55":2,"56":2,"57":2,"58":2,"59":2,"60":2,"61":0,"62":2,"63":2,"64":22,"65":0,"66":0,"67":0,"68":22,"69":0,"70":0,"71":0,"72":0,"73":0,"74":0,"75":0,"76":0,"77":0,"78":0,"79":0,"80":0,"81":0,"82":22,"83":0,"84":22,"85":0,"86":0,"87":0,"88":22,"89":1,"90":1,"91":1,"92":1,"93":1,"94":0,"95":1,"96":22,"97":1,"98":0,"99":0,"100":1,"101":1,"102":1,"103":1,"104":1,"105":0,"106":1,"107":22,"108":22,"109":22,"110":0,"111":0,"112":22,"113":0,"114":0,"115":0,"116":0,"117":0,"118":0,"119":22,"120":0,"121":0,"122":0,"123":0,"124":0,"125":0,"126":0,"127":0,"128":22,"129":0,"130":66,"131":0,"132":0,"133":0,"134":0,"135":0,"136":0,"137":0,"138":0,"139":0,"140":11,"141":1,"142":0,"143":1,"144":0,"145":1,"146":1},"f":{"0":0,"1":0,"2":0,"3":0,"4":22,"5":2,"6":2,"7":2,"8":0,"9":0,"10":0,"11":0,"12":0,"13":0,"14":0,"15":0,"16":0,"17":0,"18":0,"19":1,"20":1,"21":0,"22":0,"23":0,"24":0,"25":0,"26":0,"27":0,"28":0,"29":0,"30":0,"31":0,"32":0,"33":0,"34":66,"35":0,"36":0,"37":0,"38":0,"39":0,"40":11,"41":1,"42":0,"43":1},"b":{"0":[0,0],"1":[0],"2":[22,0],"3":[22,0,0],"4":[22,0,0],"5":[0,0],"6":[0,0],"7":[0,0],"8":[0,0],"9":[0,0],"10":[0,0],"11":[0,0],"12":[1,0],"13":[0,0],"14":[0,1],"15":[1,1],"16":[1,0],"17":[0,0],"18":[22,4],"19":[22,4],"20":[22,4],"21":[22,18],"22":[0,0],"23":[0,0],"24":[0,0],"25":[22,0],"26":[44,22],"27":[2,20],"28":[22,0],"29":[22,0],"30":[22,0],"31":[0,0],"32":[1,21],"33":[1,21],"34":[1,21],"35":[0,1],"36":[1,21],"37":[22,0]}}
,"C:\\Users\\KairaviBaxi\\Desktop\\Mid-office-development\\mid-office-axiom\\src\\modules\\Grievance\\GrievanceApplication.tsx": {"path":"C:\\Users\\KairaviBaxi\\Desktop\\Mid-office-development\\mid-office-axiom\\src\\modules\\Grievance\\GrievanceApplication.tsx","statementMap":{"0":{"start":{"line":1,"column":0},"end":{"line":1,"column":null}},"1":{"start":{"line":13,"column":0},"end":{"line":13,"column":52}},"2":{"start":{"line":14,"column":0},"end":{"line":14,"column":60}},"3":{"start":{"line":15,"column":0},"end":{"line":15,"column":70}},"4":{"start":{"line":16,"column":0},"end":{"line":16,"column":61}},"5":{"start":{"line":17,"column":0},"end":{"line":17,"column":null}},"6":{"start":{"line":21,"column":0},"end":{"line":21,"column":58}},"7":{"start":{"line":22,"column":0},"end":{"line":22,"column":47}},"8":{"start":{"line":23,"column":0},"end":{"line":23,"column":51}},"9":{"start":{"line":24,"column":0},"end":{"line":24,"column":51}},"10":{"start":{"line":25,"column":0},"end":{"line":25,"column":89}},"11":{"start":{"line":26,"column":0},"end":{"line":26,"column":101}},"12":{"start":{"line":31,"column":0},"end":{"line":31,"column":48}},"13":{"start":{"line":40,"column":21},"end":{"line":54,"column":6}},"14":{"start":{"line":41,"column":4},"end":{"line":54,"column":6}},"15":{"start":{"line":42,"column":23},"end":{"line":42,"column":39}},"16":{"start":{"line":43,"column":8},"end":{"line":51,"column":10}},"17":{"start":{"line":44,"column":12},"end":{"line":47,"column":13}},"18":{"start":{"line":45,"column":16},"end":{"line":45,"column":58}},"19":{"start":{"line":46,"column":16},"end":{"line":46,"column":23}},"20":{"start":{"line":49,"column":36},"end":{"line":49,"column":60}},"21":{"start":{"line":50,"column":12},"end":{"line":50,"column":28}},"22":{"start":{"line":52,"column":8},"end":{"line":52,"column":73}},"23":{"start":{"line":52,"column":31},"end":{"line":52,"column":72}},"24":{"start":{"line":53,"column":8},"end":{"line":53,"column":35}},"25":{"start":{"line":56,"column":24},"end":{"line":66,"column":2}},"26":{"start":{"line":68,"column":29},"end":{"line":435,"column":1}},"27":{"start":{"line":69,"column":21},"end":{"line":69,"column":37}},"28":{"start":{"line":70,"column":21},"end":{"line":70,"column":34}},"29":{"start":{"line":71,"column":48},"end":{"line":71,"column":63}},"30":{"start":{"line":72,"column":25},"end":{"line":72,"column":62}},"31":{"start":{"line":73,"column":21},"end":{"line":73,"column":59}},"32":{"start":{"line":75,"column":29},"end":{"line":75,"column":53}},"33":{"start":{"line":77,"column":8},"end":{"line":77,"column":76}},"34":{"start":{"line":80,"column":8},"end":{"line":80,"column":59}},"35":{"start":{"line":81,"column":34},"end":{"line":81,"column":76}},"36":{"start":{"line":82,"column":54},"end":{"line":83,"column":null}},"37":{"start":{"line":85,"column":34},"end":{"line":85,"column":49}},"38":{"start":{"line":86,"column":46},"end":{"line":86,"column":61}},"39":{"start":{"line":87,"column":40},"end":{"line":87,"column":69}},"40":{"start":{"line":88,"column":46},"end":{"line":88,"column":75}},"41":{"start":{"line":89,"column":42},"end":{"line":89,"column":71}},"42":{"start":{"line":91,"column":4},"end":{"line":118,"column":48}},"43":{"start":{"line":92,"column":33},"end":{"line":115,"column":9}},"44":{"start":{"line":93,"column":12},"end":{"line":114,"column":13}},"45":{"start":{"line":94,"column":16},"end":{"line":94,"column":33}},"46":{"start":{"line":95,"column":16},"end":{"line":95,"column":36}},"47":{"start":{"line":97,"column":33},"end":{"line":102,"column":26}},"48":{"start":{"line":104,"column":16},"end":{"line":104,"column":45}},"49":{"start":{"line":105,"column":16},"end":{"line":105,"column":51}},"50":{"start":{"line":107,"column":16},"end":{"line":111,"column":18}},"51":{"start":{"line":113,"column":16},"end":{"line":113,"column":34}},"52":{"start":{"line":117,"column":8},"end":{"line":117,"column":32}},"53":{"start":{"line":120,"column":30},"end":{"line":122,"column":5}},"54":{"start":{"line":121,"column":8},"end":{"line":121,"column":38}},"55":{"start":{"line":124,"column":32},"end":{"line":158,"column":5}},"56":{"start":{"line":125,"column":8},"end":{"line":127,"column":9}},"57":{"start":{"line":126,"column":12},"end":{"line":126,"column":19}},"58":{"start":{"line":129,"column":8},"end":{"line":157,"column":9}},"59":{"start":{"line":130,"column":12},"end":{"line":130,"column":33}},"60":{"start":{"line":132,"column":34},"end":{"line":138,"column":null}},"61":{"start":{"line":133,"column":55},"end":{"line":138,"column":18}},"62":{"start":{"line":141,"column":12},"end":{"line":150,"column":15}},"63":{"start":{"line":142,"column":31},"end":{"line":142,"column":58}},"64":{"start":{"line":143,"column":32},"end":{"line":143,"column":67}},"65":{"start":{"line":145,"column":16},"end":{"line":147,"column":19}},"66":{"start":{"line":146,"column":20},"end":{"line":146,"column":88}},"67":{"start":{"line":149,"column":16},"end":{"line":149,"column":52}},"68":{"start":{"line":152,"column":12},"end":{"line":156,"column":14}},"69":{"start":{"line":160,"column":35},"end":{"line":164,"column":5}},"70":{"start":{"line":161,"column":8},"end":{"line":163,"column":10}},"71":{"start":{"line":162,"column":12},"end":{"line":162,"column":86}},"72":{"start":{"line":162,"column":34},"end":{"line":162,"column":85}},"73":{"start":{"line":166,"column":25},"end":{"line":195,"column":5}},"74":{"start":{"line":167,"column":8},"end":{"line":194,"column":9}},"75":{"start":{"line":168,"column":12},"end":{"line":168,"column":35}},"76":{"start":{"line":169,"column":12},"end":{"line":169,"column":35}},"77":{"start":{"line":171,"column":29},"end":{"line":178,"column":22}},"78":{"start":{"line":175,"column":63},"end":{"line":175,"column":72}},"79":{"start":{"line":180,"column":12},"end":{"line":185,"column":15}},"80":{"start":{"line":187,"column":12},"end":{"line":191,"column":14}},"81":{"start":{"line":193,"column":12},"end":{"line":193,"column":36}},"82":{"start":{"line":197,"column":4},"end":{"line":434,"column":6}},"83":{"start":{"line":202,"column":35},"end":{"line":202,"column":75}},"84":{"start":{"line":312,"column":48},"end":{"line":312,"column":71}},"85":{"start":{"line":343,"column":36},"end":{"line":343,"column":59}},"86":{"start":{"line":344,"column":36},"end":{"line":344,"column":60}},"87":{"start":{"line":345,"column":36},"end":{"line":345,"column":87}},"88":{"start":{"line":348,"column":36},"end":{"line":348,"column":59}},"89":{"start":{"line":349,"column":36},"end":{"line":349,"column":60}},"90":{"start":{"line":365,"column":36},"end":{"line":365,"column":81}},"91":{"start":{"line":366,"column":36},"end":{"line":366,"column":60}},"92":{"start":{"line":373,"column":40},"end":{"line":374,"column":null}},"93":{"start":{"line":392,"column":63},"end":{"line":392,"column":111}},"94":{"start":{"line":437,"column":0},"end":{"line":437,"column":36}}},"fnMap":{"0":{"name":"(anonymous_1)","decl":{"start":{"line":40,"column":21},"end":{"line":40,"column":22}},"loc":{"start":{"line":41,"column":4},"end":{"line":54,"column":6}}},"1":{"name":"(anonymous_2)","decl":{"start":{"line":41,"column":16},"end":{"line":41,"column":17}},"loc":{"start":{"line":41,"column":36},"end":{"line":54,"column":5}}},"2":{"name":"(anonymous_3)","decl":{"start":{"line":43,"column":24},"end":{"line":43,"column":27}},"loc":{"start":{"line":43,"column":29},"end":{"line":51,"column":9}}},"3":{"name":"(anonymous_4)","decl":{"start":{"line":52,"column":25},"end":{"line":52,"column":28}},"loc":{"start":{"line":52,"column":31},"end":{"line":52,"column":72}}},"4":{"name":"(anonymous_5)","decl":{"start":{"line":68,"column":29},"end":{"line":68,"column":32}},"loc":{"start":{"line":68,"column":34},"end":{"line":435,"column":1}}},"5":{"name":"(anonymous_6)","decl":{"start":{"line":91,"column":14},"end":{"line":91,"column":17}},"loc":{"start":{"line":91,"column":19},"end":{"line":118,"column":5}}},"6":{"name":"(anonymous_7)","decl":{"start":{"line":92,"column":33},"end":{"line":92,"column":38}},"loc":{"start":{"line":92,"column":44},"end":{"line":115,"column":9}}},"7":{"name":"(anonymous_8)","decl":{"start":{"line":120,"column":30},"end":{"line":120,"column":33}},"loc":{"start":{"line":120,"column":35},"end":{"line":122,"column":5}}},"8":{"name":"(anonymous_9)","decl":{"start":{"line":124,"column":32},"end":{"line":124,"column":37}},"loc":{"start":{"line":124,"column":65},"end":{"line":158,"column":5}}},"9":{"name":"(anonymous_10)","decl":{"start":{"line":133,"column":38},"end":{"line":133,"column":43}},"loc":{"start":{"line":133,"column":55},"end":{"line":138,"column":18}}},"10":{"name":"(anonymous_11)","decl":{"start":{"line":141,"column":33},"end":{"line":141,"column":34}},"loc":{"start":{"line":141,"column":42},"end":{"line":150,"column":13}}},"11":{"name":"(anonymous_12)","decl":{"start":{"line":145,"column":31},"end":{"line":145,"column":32}},"loc":{"start":{"line":145,"column":40},"end":{"line":147,"column":17}}},"12":{"name":"(anonymous_13)","decl":{"start":{"line":160,"column":35},"end":{"line":160,"column":36}},"loc":{"start":{"line":160,"column":70},"end":{"line":164,"column":5}}},"13":{"name":"(anonymous_14)","decl":{"start":{"line":161,"column":29},"end":{"line":161,"column":30}},"loc":{"start":{"line":162,"column":12},"end":{"line":162,"column":86}}},"14":{"name":"(anonymous_15)","decl":{"start":{"line":162,"column":24},"end":{"line":162,"column":25}},"loc":{"start":{"line":162,"column":34},"end":{"line":162,"column":85}}},"15":{"name":"(anonymous_16)","decl":{"start":{"line":166,"column":25},"end":{"line":166,"column":30}},"loc":{"start":{"line":166,"column":36},"end":{"line":195,"column":5}}},"16":{"name":"(anonymous_17)","decl":{"start":{"line":175,"column":51},"end":{"line":175,"column":52}},"loc":{"start":{"line":175,"column":63},"end":{"line":175,"column":72}}},"17":{"name":"(anonymous_18)","decl":{"start":{"line":202,"column":29},"end":{"line":202,"column":32}},"loc":{"start":{"line":202,"column":35},"end":{"line":202,"column":75}}},"18":{"name":"(anonymous_19)","decl":{"start":{"line":311,"column":56},"end":{"line":311,"column":57}},"loc":{"start":{"line":312,"column":48},"end":{"line":312,"column":71}}},"19":{"name":"(anonymous_20)","decl":{"start":{"line":342,"column":40},"end":{"line":342,"column":41}},"loc":{"start":{"line":342,"column":50},"end":{"line":346,"column":33}}},"20":{"name":"(anonymous_21)","decl":{"start":{"line":347,"column":44},"end":{"line":347,"column":45}},"loc":{"start":{"line":347,"column":54},"end":{"line":350,"column":33}}},"21":{"name":"(anonymous_22)","decl":{"start":{"line":364,"column":42},"end":{"line":364,"column":43}},"loc":{"start":{"line":364,"column":52},"end":{"line":367,"column":33}}},"22":{"name":"(anonymous_23)","decl":{"start":{"line":372,"column":59},"end":{"line":372,"column":60}},"loc":{"start":{"line":373,"column":40},"end":{"line":374,"column":null}}},"23":{"name":"(anonymous_24)","decl":{"start":{"line":392,"column":57},"end":{"line":392,"column":60}},"loc":{"start":{"line":392,"column":63},"end":{"line":392,"column":111}}}},"branchMap":{"0":{"loc":{"start":{"line":44,"column":12},"end":{"line":47,"column":13}},"type":"if","locations":[{"start":{"line":44,"column":12},"end":{"line":47,"column":13}},{"start":{},"end":{}}]},"1":{"loc":{"start":{"line":49,"column":21},"end":{"line":49,"column":32}},"type":"default-arg","locations":[{"start":{"line":49,"column":30},"end":{"line":49,"column":32}}]},"2":{"loc":{"start":{"line":73,"column":21},"end":{"line":73,"column":59}},"type":"binary-expr","locations":[{"start":{"line":73,"column":21},"end":{"line":73,"column":53}},{"start":{"line":73,"column":57},"end":{"line":73,"column":59}}]},"3":{"loc":{"start":{"line":75,"column":29},"end":{"line":75,"column":53}},"type":"binary-expr","locations":[{"start":{"line":75,"column":29},"end":{"line":75,"column":41}},{"start":{"line":75,"column":45},"end":{"line":75,"column":53}}]},"4":{"loc":{"start":{"line":77,"column":8},"end":{"line":77,"column":76}},"type":"binary-expr","locations":[{"start":{"line":77,"column":8},"end":{"line":77,"column":25}},{"start":{"line":77,"column":29},"end":{"line":77,"column":70}},{"start":{"line":77,"column":74},"end":{"line":77,"column":76}}]},"5":{"loc":{"start":{"line":105,"column":27},"end":{"line":105,"column":49}},"type":"binary-expr","locations":[{"start":{"line":105,"column":27},"end":{"line":105,"column":43}},{"start":{"line":105,"column":47},"end":{"line":105,"column":49}}]},"6":{"loc":{"start":{"line":108,"column":20},"end":{"line":110,"column":65}},"type":"cond-expr","locations":[{"start":{"line":109,"column":26},"end":{"line":109,"column":39}},{"start":{"line":110,"column":26},"end":{"line":110,"column":65}}]},"7":{"loc":{"start":{"line":125,"column":8},"end":{"line":127,"column":9}},"type":"if","locations":[{"start":{"line":125,"column":8},"end":{"line":127,"column":9}},{"start":{},"end":{}}]},"8":{"loc":{"start":{"line":125,"column":12},"end":{"line":125,"column":40}},"type":"binary-expr","locations":[{"start":{"line":125,"column":12},"end":{"line":125,"column":18}},{"start":{"line":125,"column":22},"end":{"line":125,"column":40}}]},"9":{"loc":{"start":{"line":135,"column":30},"end":{"line":135,"column":69}},"type":"binary-expr","locations":[{"start":{"line":135,"column":30},"end":{"line":135,"column":39}},{"start":{"line":135,"column":43},"end":{"line":135,"column":69}}]},"10":{"loc":{"start":{"line":153,"column":16},"end":{"line":155,"column":57}},"type":"cond-expr","locations":[{"start":{"line":154,"column":22},"end":{"line":154,"column":35}},{"start":{"line":155,"column":22},"end":{"line":155,"column":57}}]},"11":{"loc":{"start":{"line":162,"column":36},"end":{"line":162,"column":84}},"type":"binary-expr","locations":[{"start":{"line":162,"column":36},"end":{"line":162,"column":62}},{"start":{"line":162,"column":66},"end":{"line":162,"column":84}}]},"12":{"loc":{"start":{"line":183,"column":24},"end":{"line":183,"column":90}},"type":"binary-expr","locations":[{"start":{"line":183,"column":24},"end":{"line":183,"column":40}},{"start":{"line":183,"column":44},"end":{"line":183,"column":90}}]},"13":{"loc":{"start":{"line":188,"column":16},"end":{"line":190,"column":63}},"type":"cond-expr","locations":[{"start":{"line":189,"column":22},"end":{"line":189,"column":35}},{"start":{"line":190,"column":22},"end":{"line":190,"column":63}}]},"14":{"loc":{"start":{"line":211,"column":17},"end":{"line":214,"column":null}},"type":"binary-expr","locations":[{"start":{"line":211,"column":17},"end":{"line":211,"column":27}},{"start":{"line":212,"column":20},"end":{"line":213,"column":null}}]},"15":{"loc":{"start":{"line":232,"column":33},"end":{"line":232,"column":63}},"type":"binary-expr","locations":[{"start":{"line":232,"column":33},"end":{"line":232,"column":56}},{"start":{"line":232,"column":60},"end":{"line":232,"column":63}}]},"16":{"loc":{"start":{"line":239,"column":33},"end":{"line":239,"column":69}},"type":"binary-expr","locations":[{"start":{"line":239,"column":33},"end":{"line":239,"column":62}},{"start":{"line":239,"column":66},"end":{"line":239,"column":69}}]},"17":{"loc":{"start":{"line":246,"column":33},"end":{"line":246,"column":64}},"type":"binary-expr","locations":[{"start":{"line":246,"column":33},"end":{"line":246,"column":57}},{"start":{"line":246,"column":61},"end":{"line":246,"column":64}}]},"18":{"loc":{"start":{"line":253,"column":33},"end":{"line":253,"column":67}},"type":"binary-expr","locations":[{"start":{"line":253,"column":33},"end":{"line":253,"column":60}},{"start":{"line":253,"column":64},"end":{"line":253,"column":67}}]},"19":{"loc":{"start":{"line":260,"column":33},"end":{"line":260,"column":74}},"type":"binary-expr","locations":[{"start":{"line":260,"column":33},"end":{"line":260,"column":67}},{"start":{"line":260,"column":71},"end":{"line":260,"column":74}}]},"20":{"loc":{"start":{"line":267,"column":33},"end":{"line":267,"column":77}},"type":"binary-expr","locations":[{"start":{"line":267,"column":33},"end":{"line":267,"column":70}},{"start":{"line":267,"column":74},"end":{"line":267,"column":77}}]},"21":{"loc":{"start":{"line":304,"column":41},"end":{"line":327,"column":null}},"type":"cond-expr","locations":[{"start":{"line":305,"column":44},"end":{"line":308,"column":null}},{"start":{"line":310,"column":44},"end":{"line":327,"column":null}}]},"22":{"loc":{"start":{"line":310,"column":44},"end":{"line":327,"column":null}},"type":"cond-expr","locations":[{"start":{"line":311,"column":44},"end":{"line":321,"column":46}},{"start":{"line":323,"column":44},"end":{"line":326,"column":null}}]},"23":{"loc":{"start":{"line":370,"column":29},"end":{"line":398,"column":null}},"type":"binary-expr","locations":[{"start":{"line":370,"column":29},"end":{"line":370,"column":57}},{"start":{"line":371,"column":32},"end":{"line":397,"column":null}}]},"24":{"loc":{"start":{"line":401,"column":29},"end":{"line":404,"column":null}},"type":"binary-expr","locations":[{"start":{"line":401,"column":29},"end":{"line":401,"column":40}},{"start":{"line":402,"column":32},"end":{"line":403,"column":null}}]},"25":{"loc":{"start":{"line":408,"column":33},"end":{"line":419,"column":null}},"type":"binary-expr","locations":[{"start":{"line":408,"column":33},"end":{"line":408,"column":46}},{"start":{"line":409,"column":36},"end":{"line":418,"column":null}}]},"26":{"loc":{"start":{"line":413,"column":51},"end":{"line":415,"column":59}},"type":"cond-expr","locations":[{"start":{"line":414,"column":50},"end":{"line":414,"column":59}},{"start":{"line":415,"column":50},"end":{"line":415,"column":59}}]},"27":{"loc":{"start":{"line":426,"column":37},"end":{"line":426,"column":101}},"type":"cond-expr","locations":[{"start":{"line":426,"column":53},"end":{"line":426,"column":68}},{"start":{"line":426,"column":71},"end":{"line":426,"column":101}}]}},"s":{"0":1,"1":1,"2":1,"3":1,"4":1,"5":1,"6":1,"7":1,"8":1,"9":1,"10":1,"11":1,"12":1,"13":1,"14":0,"15":0,"16":0,"17":0,"18":0,"19":0,"20":0,"21":0,"22":0,"23":0,"24":0,"25":1,"26":1,"27":8,"28":8,"29":8,"30":8,"31":8,"32":8,"33":8,"34":8,"35":8,"36":8,"37":8,"38":8,"39":8,"40":8,"41":8,"42":8,"43":2,"44":2,"45":2,"46":2,"47":2,"48":2,"49":2,"50":0,"51":2,"52":2,"53":8,"54":0,"55":8,"56":0,"57":0,"58":0,"59":0,"60":0,"61":0,"62":0,"63":0,"64":0,"65":0,"66":0,"67":0,"68":0,"69":8,"70":0,"71":0,"72":0,"73":8,"74":1,"75":1,"76":1,"77":1,"78":1,"79":1,"80":0,"81":1,"82":8,"83":1,"84":4,"85":0,"86":0,"87":0,"88":0,"89":0,"90":0,"91":0,"92":0,"93":0,"94":1},"f":{"0":0,"1":0,"2":0,"3":0,"4":8,"5":2,"6":2,"7":0,"8":0,"9":0,"10":0,"11":0,"12":0,"13":0,"14":0,"15":1,"16":1,"17":1,"18":4,"19":0,"20":0,"21":0,"22":0,"23":0},"b":{"0":[0,0],"1":[0],"2":[8,0],"3":[8,0],"4":[8,0,0],"5":[2,0],"6":[0,0],"7":[0,0],"8":[0,0],"9":[0,0],"10":[0,0],"11":[0,0],"12":[1,0],"13":[0,0],"14":[8,0],"15":[8,4],"16":[8,4],"17":[8,4],"18":[8,4],"19":[8,4],"20":[8,4],"21":[2,6],"22":[4,2],"23":[8,0],"24":[8,0],"25":[8,0],"26":[0,0],"27":[1,7]}}
,"C:\\Users\\KairaviBaxi\\Desktop\\Mid-office-development\\mid-office-axiom\\src\\modules\\Landing\\FilterTable.tsx": {"path":"C:\\Users\\KairaviBaxi\\Desktop\\Mid-office-development\\mid-office-axiom\\src\\modules\\Landing\\FilterTable.tsx","statementMap":{"0":{"start":{"line":1,"column":0},"end":{"line":1,"column":53}},"1":{"start":{"line":2,"column":0},"end":{"line":2,"column":61}},"2":{"start":{"line":3,"column":0},"end":{"line":3,"column":36}},"3":{"start":{"line":4,"column":0},"end":{"line":4,"column":67}},"4":{"start":{"line":5,"column":0},"end":{"line":5,"column":61}},"5":{"start":{"line":6,"column":0},"end":{"line":6,"column":54}},"6":{"start":{"line":8,"column":0},"end":{"line":8,"column":61}},"7":{"start":{"line":22,"column":20},"end":{"line":197,"column":1}},"8":{"start":{"line":31,"column":28},"end":{"line":33,"column":null}},"9":{"start":{"line":32,"column":10},"end":{"line":32,"column":60}},"10":{"start":{"line":32,"column":41},"end":{"line":32,"column":59}},"11":{"start":{"line":36,"column":46},"end":{"line":36,"column":66}},"12":{"start":{"line":38,"column":23},"end":{"line":41,"column":41}},"13":{"start":{"line":39,"column":4},"end":{"line":39,"column":74}},"14":{"start":{"line":39,"column":52},"end":{"line":39,"column":74}},"15":{"start":{"line":40,"column":4},"end":{"line":40,"column":38}},"16":{"start":{"line":43,"column":32},"end":{"line":59,"column":28}},"17":{"start":{"line":44,"column":46},"end":{"line":44,"column":48}},"18":{"start":{"line":46,"column":4},"end":{"line":56,"column":7}},"19":{"start":{"line":47,"column":18},"end":{"line":47,"column":36}},"20":{"start":{"line":48,"column":27},"end":{"line":48,"column":44}},"21":{"start":{"line":50,"column":6},"end":{"line":53,"column":9}},"22":{"start":{"line":51,"column":22},"end":{"line":51,"column":62}},"23":{"start":{"line":52,"column":8},"end":{"line":52,"column":50}},"24":{"start":{"line":52,"column":26},"end":{"line":52,"column":50}},"25":{"start":{"line":55,"column":6},"end":{"line":55,"column":46}},"26":{"start":{"line":58,"column":4},"end":{"line":58,"column":19}},"27":{"start":{"line":61,"column":27},"end":{"line":67,"column":22}},"28":{"start":{"line":62,"column":43},"end":{"line":62,"column":45}},"29":{"start":{"line":63,"column":4},"end":{"line":65,"column":7}},"30":{"start":{"line":64,"column":6},"end":{"line":64,"column":48}},"31":{"start":{"line":66,"column":4},"end":{"line":66,"column":18}},"32":{"start":{"line":69,"column":2},"end":{"line":79,"column":43}},"33":{"start":{"line":70,"column":23},"end":{"line":70,"column":49}},"34":{"start":{"line":72,"column":4},"end":{"line":78,"column":7}},"35":{"start":{"line":73,"column":19},"end":{"line":74,"column":null}},"36":{"start":{"line":74,"column":47},"end":{"line":74,"column":66}},"37":{"start":{"line":77,"column":6},"end":{"line":77,"column":81}},"38":{"start":{"line":81,"column":28},"end":{"line":94,"column":3}},"39":{"start":{"line":82,"column":4},"end":{"line":82,"column":30}},"40":{"start":{"line":82,"column":23},"end":{"line":82,"column":30}},"41":{"start":{"line":84,"column":4},"end":{"line":93,"column":7}},"42":{"start":{"line":85,"column":22},"end":{"line":85,"column":46}},"43":{"start":{"line":87,"column":6},"end":{"line":92,"column":8}},"44":{"start":{"line":90,"column":34},"end":{"line":90,"column":45}},"45":{"start":{"line":95,"column":26},"end":{"line":97,"column":3}},"46":{"start":{"line":96,"column":4},"end":{"line":96,"column":24}},"47":{"start":{"line":99,"column":32},"end":{"line":99,"column":73}},"48":{"start":{"line":101,"column":2},"end":{"line":196,"column":4}},"49":{"start":{"line":104,"column":21},"end":{"line":104,"column":47}},"50":{"start":{"line":131,"column":4},"end":{"line":131,"column":14}},"51":{"start":{"line":132,"column":4},"end":{"line":132,"column":31}},"52":{"start":{"line":148,"column":12},"end":{"line":149,"column":null}},"53":{"start":{"line":150,"column":29},"end":{"line":150,"column":51}},"54":{"start":{"line":176,"column":12},"end":{"line":177,"column":null}},"55":{"start":{"line":183,"column":32},"end":{"line":183,"column":55}},"56":{"start":{"line":198,"column":0},"end":{"line":198,"column":27}}},"fnMap":{"0":{"name":"(anonymous_1)","decl":{"start":{"line":22,"column":20},"end":{"line":22,"column":21}},"loc":{"start":{"line":30,"column":23},"end":{"line":197,"column":1}}},"1":{"name":"(anonymous_2)","decl":{"start":{"line":32,"column":4},"end":{"line":32,"column":7}},"loc":{"start":{"line":32,"column":10},"end":{"line":32,"column":60}}},"2":{"name":"(anonymous_3)","decl":{"start":{"line":32,"column":29},"end":{"line":32,"column":30}},"loc":{"start":{"line":32,"column":41},"end":{"line":32,"column":59}}},"3":{"name":"(anonymous_4)","decl":{"start":{"line":38,"column":31},"end":{"line":38,"column":34}},"loc":{"start":{"line":38,"column":36},"end":{"line":41,"column":3}}},"4":{"name":"(anonymous_5)","decl":{"start":{"line":43,"column":40},"end":{"line":43,"column":43}},"loc":{"start":{"line":43,"column":45},"end":{"line":59,"column":3}}},"5":{"name":"(anonymous_6)","decl":{"start":{"line":46,"column":27},"end":{"line":46,"column":28}},"loc":{"start":{"line":46,"column":38},"end":{"line":56,"column":5}}},"6":{"name":"(anonymous_7)","decl":{"start":{"line":50,"column":19},"end":{"line":50,"column":20}},"loc":{"start":{"line":50,"column":27},"end":{"line":53,"column":7}}},"7":{"name":"(anonymous_8)","decl":{"start":{"line":61,"column":35},"end":{"line":61,"column":38}},"loc":{"start":{"line":61,"column":40},"end":{"line":67,"column":3}}},"8":{"name":"(anonymous_9)","decl":{"start":{"line":63,"column":27},"end":{"line":63,"column":28}},"loc":{"start":{"line":63,"column":38},"end":{"line":65,"column":5}}},"9":{"name":"(anonymous_10)","decl":{"start":{"line":69,"column":12},"end":{"line":69,"column":15}},"loc":{"start":{"line":69,"column":17},"end":{"line":79,"column":3}}},"10":{"name":"(anonymous_11)","decl":{"start":{"line":72,"column":20},"end":{"line":72,"column":21}},"loc":{"start":{"line":72,"column":29},"end":{"line":78,"column":5}}},"11":{"name":"(anonymous_12)","decl":{"start":{"line":74,"column":36},"end":{"line":74,"column":37}},"loc":{"start":{"line":74,"column":47},"end":{"line":74,"column":66}}},"12":{"name":"(anonymous_13)","decl":{"start":{"line":81,"column":28},"end":{"line":81,"column":29}},"loc":{"start":{"line":81,"column":46},"end":{"line":94,"column":3}}},"13":{"name":"(anonymous_14)","decl":{"start":{"line":84,"column":20},"end":{"line":84,"column":21}},"loc":{"start":{"line":84,"column":29},"end":{"line":93,"column":5}}},"14":{"name":"(anonymous_15)","decl":{"start":{"line":90,"column":27},"end":{"line":90,"column":28}},"loc":{"start":{"line":90,"column":34},"end":{"line":90,"column":45}}},"15":{"name":"(anonymous_16)","decl":{"start":{"line":95,"column":26},"end":{"line":95,"column":29}},"loc":{"start":{"line":95,"column":31},"end":{"line":97,"column":3}}},"16":{"name":"(anonymous_17)","decl":{"start":{"line":104,"column":15},"end":{"line":104,"column":18}},"loc":{"start":{"line":104,"column":21},"end":{"line":104,"column":47}}},"17":{"name":"(anonymous_18)","decl":{"start":{"line":130,"column":22},"end":{"line":130,"column":25}},"loc":{"start":{"line":130,"column":27},"end":{"line":133,"column":3}}},"18":{"name":"(anonymous_19)","decl":{"start":{"line":147,"column":33},"end":{"line":147,"column":34}},"loc":{"start":{"line":148,"column":12},"end":{"line":149,"column":null}}},"19":{"name":"(anonymous_20)","decl":{"start":{"line":150,"column":23},"end":{"line":150,"column":26}},"loc":{"start":{"line":150,"column":29},"end":{"line":150,"column":51}}},"20":{"name":"(anonymous_21)","decl":{"start":{"line":175,"column":37},"end":{"line":175,"column":38}},"loc":{"start":{"line":176,"column":12},"end":{"line":177,"column":null}}},"21":{"name":"(anonymous_22)","decl":{"start":{"line":183,"column":26},"end":{"line":183,"column":29}},"loc":{"start":{"line":183,"column":32},"end":{"line":183,"column":55}}}},"branchMap":{"0":{"loc":{"start":{"line":39,"column":4},"end":{"line":39,"column":74}},"type":"if","locations":[{"start":{"line":39,"column":4},"end":{"line":39,"column":74}},{"start":{},"end":{}}]},"1":{"loc":{"start":{"line":40,"column":11},"end":{"line":40,"column":37}},"type":"binary-expr","locations":[{"start":{"line":40,"column":11},"end":{"line":40,"column":31}},{"start":{"line":40,"column":35},"end":{"line":40,"column":37}}]},"2":{"loc":{"start":{"line":52,"column":8},"end":{"line":52,"column":50}},"type":"if","locations":[{"start":{"line":52,"column":8},"end":{"line":52,"column":50}},{"start":{},"end":{}}]},"3":{"loc":{"start":{"line":77,"column":13},"end":{"line":77,"column":80}},"type":"cond-expr","locations":[{"start":{"line":77,"column":69},"end":{"line":77,"column":73}},{"start":{"line":77,"column":76},"end":{"line":77,"column":80}}]},"4":{"loc":{"start":{"line":82,"column":4},"end":{"line":82,"column":30}},"type":"if","locations":[{"start":{"line":82,"column":4},"end":{"line":82,"column":30}},{"start":{},"end":{}}]},"5":{"loc":{"start":{"line":85,"column":22},"end":{"line":85,"column":46}},"type":"binary-expr","locations":[{"start":{"line":85,"column":22},"end":{"line":85,"column":40}},{"start":{"line":85,"column":44},"end":{"line":85,"column":46}}]},"6":{"loc":{"start":{"line":89,"column":24},"end":{"line":91,"column":31}},"type":"cond-expr","locations":[{"start":{"line":90,"column":12},"end":{"line":90,"column":46}},{"start":{"line":91,"column":12},"end":{"line":91,"column":31}}]},"7":{"loc":{"start":{"line":99,"column":32},"end":{"line":99,"column":73}},"type":"binary-expr","locations":[{"start":{"line":99,"column":32},"end":{"line":99,"column":67}},{"start":{"line":99,"column":71},"end":{"line":99,"column":73}}]},"8":{"loc":{"start":{"line":155,"column":18},"end":{"line":155,"column":66}},"type":"cond-expr","locations":[{"start":{"line":155,"column":41},"end":{"line":155,"column":50}},{"start":{"line":155,"column":53},"end":{"line":155,"column":66}}]},"9":{"loc":{"start":{"line":157,"column":18},"end":{"line":159,"column":45}},"type":"cond-expr","locations":[{"start":{"line":158,"column":22},"end":{"line":158,"column":41}},{"start":{"line":159,"column":22},"end":{"line":159,"column":45}}]},"10":{"loc":{"start":{"line":162,"column":15},"end":{"line":162,"column":43}},"type":"binary-expr","locations":[{"start":{"line":162,"column":15},"end":{"line":162,"column":36}},{"start":{"line":162,"column":40},"end":{"line":162,"column":43}}]},"11":{"loc":{"start":{"line":166,"column":11},"end":{"line":169,"column":null}},"type":"binary-expr","locations":[{"start":{"line":166,"column":11},"end":{"line":166,"column":36}},{"start":{"line":167,"column":12},"end":{"line":167,"column":null}}]},"12":{"loc":{"start":{"line":182,"column":26},"end":{"line":182,"column":58}},"type":"binary-expr","locations":[{"start":{"line":182,"column":26},"end":{"line":182,"column":52}},{"start":{"line":182,"column":56},"end":{"line":182,"column":58}}]},"13":{"loc":{"start":{"line":188,"column":11},"end":{"line":191,"column":null}},"type":"binary-expr","locations":[{"start":{"line":188,"column":11},"end":{"line":188,"column":25}},{"start":{"line":188,"column":29},"end":{"line":188,"column":63}},{"start":{"line":189,"column":12},"end":{"line":189,"column":null}}]}},"s":{"0":1,"1":1,"2":1,"3":1,"4":1,"5":1,"6":1,"7":1,"8":2,"9":2,"10":2,"11":2,"12":2,"13":2,"14":0,"15":2,"16":2,"17":2,"18":2,"19":2,"20":2,"21":2,"22":4,"23":4,"24":4,"25":2,"26":2,"27":2,"28":2,"29":2,"30":2,"31":2,"32":2,"33":2,"34":2,"35":0,"36":0,"37":0,"38":2,"39":1,"40":0,"41":1,"42":2,"43":2,"44":1,"45":2,"46":1,"47":2,"48":2,"49":0,"50":1,"51":1,"52":2,"53":0,"54":4,"55":1,"56":1},"f":{"0":2,"1":2,"2":2,"3":2,"4":2,"5":2,"6":4,"7":2,"8":2,"9":2,"10":0,"11":0,"12":1,"13":2,"14":1,"15":1,"16":0,"17":1,"18":2,"19":0,"20":4,"21":1},"b":{"0":[0,2],"1":[2,0],"2":[4,0],"3":[0,0],"4":[0,1],"5":[2,1],"6":[1,1],"7":[2,0],"8":[2,0],"9":[2,0],"10":[2,0],"11":[2,0],"12":[4,2],"13":[2,2,0]}}
,"C:\\Users\\KairaviBaxi\\Desktop\\Mid-office-development\\mid-office-axiom\\src\\modules\\Landing\\Inbox.tsx": {"path":"C:\\Users\\KairaviBaxi\\Desktop\\Mid-office-development\\mid-office-axiom\\src\\modules\\Landing\\Inbox.tsx","statementMap":{"0":{"start":{"line":1,"column":0},"end":{"line":1,"column":59}},"1":{"start":{"line":2,"column":0},"end":{"line":2,"column":52}},"2":{"start":{"line":3,"column":0},"end":{"line":3,"column":60}},"3":{"start":{"line":4,"column":0},"end":{"line":4,"column":36}},"4":{"start":{"line":6,"column":0},"end":{"line":6,"column":64}},"5":{"start":{"line":7,"column":0},"end":{"line":7,"column":51}},"6":{"start":{"line":8,"column":0},"end":{"line":8,"column":38}},"7":{"start":{"line":9,"column":0},"end":{"line":9,"column":57}},"8":{"start":{"line":11,"column":14},"end":{"line":162,"column":1}},"9":{"start":{"line":12,"column":19},"end":{"line":12,"column":35}},"10":{"start":{"line":13,"column":19},"end":{"line":13,"column":32}},"11":{"start":{"line":14,"column":19},"end":{"line":14,"column":32}},"12":{"start":{"line":16,"column":30},"end":{"line":16,"column":45}},"13":{"start":{"line":17,"column":34},"end":{"line":17,"column":59}},"14":{"start":{"line":18,"column":42},"end":{"line":18,"column":54}},"15":{"start":{"line":19,"column":34},"end":{"line":19,"column":46}},"16":{"start":{"line":20,"column":36},"end":{"line":20,"column":78}},"17":{"start":{"line":22,"column":34},"end":{"line":22,"column":75}},"18":{"start":{"line":23,"column":38},"end":{"line":23,"column":74}},"19":{"start":{"line":24,"column":27},"end":{"line":24,"column":104}},"20":{"start":{"line":25,"column":23},"end":{"line":25,"column":47}},"21":{"start":{"line":27,"column":19},"end":{"line":27,"column":32}},"22":{"start":{"line":30,"column":31},"end":{"line":30,"column":43}},"23":{"start":{"line":33,"column":2},"end":{"line":79,"column":17}},"24":{"start":{"line":34,"column":4},"end":{"line":34,"column":33}},"25":{"start":{"line":34,"column":26},"end":{"line":34,"column":33}},"26":{"start":{"line":35,"column":4},"end":{"line":35,"column":28}},"27":{"start":{"line":37,"column":21},"end":{"line":76,"column":5}},"28":{"start":{"line":38,"column":6},"end":{"line":75,"column":7}},"29":{"start":{"line":39,"column":25},"end":{"line":39,"column":63}},"30":{"start":{"line":40,"column":29},"end":{"line":40,"column":83}},"31":{"start":{"line":42,"column":21},"end":{"line":42,"column":53}},"32":{"start":{"line":44,"column":40},"end":{"line":49,"column":15}},"33":{"start":{"line":46,"column":77},"end":{"line":49,"column":14}},"34":{"start":{"line":51,"column":8},"end":{"line":51,"column":32}},"35":{"start":{"line":52,"column":8},"end":{"line":52,"column":26}},"36":{"start":{"line":53,"column":8},"end":{"line":53,"column":34}},"37":{"start":{"line":55,"column":25},"end":{"line":55,"column":67}},"38":{"start":{"line":55,"column":55},"end":{"line":55,"column":66}},"39":{"start":{"line":56,"column":26},"end":{"line":56,"column":37}},"40":{"start":{"line":58,"column":32},"end":{"line":58,"column":59}},"41":{"start":{"line":60,"column":8},"end":{"line":60,"column":37}},"42":{"start":{"line":63,"column":54},"end":{"line":63,"column":56}},"43":{"start":{"line":64,"column":8},"end":{"line":66,"column":11}},"44":{"start":{"line":65,"column":10},"end":{"line":65,"column":67}},"45":{"start":{"line":67,"column":8},"end":{"line":67,"column":37}},"46":{"start":{"line":70,"column":8},"end":{"line":72,"column":9}},"47":{"start":{"line":71,"column":10},"end":{"line":71,"column":37}},"48":{"start":{"line":74,"column":8},"end":{"line":74,"column":53}},"49":{"start":{"line":78,"column":4},"end":{"line":78,"column":15}},"50":{"start":{"line":82,"column":2},"end":{"line":119,"column":41}},"51":{"start":{"line":83,"column":4},"end":{"line":83,"column":43}},"52":{"start":{"line":83,"column":36},"end":{"line":83,"column":43}},"53":{"start":{"line":86,"column":4},"end":{"line":89,"column":5}},"54":{"start":{"line":87,"column":6},"end":{"line":87,"column":43}},"55":{"start":{"line":88,"column":6},"end":{"line":88,"column":13}},"56":{"start":{"line":91,"column":25},"end":{"line":116,"column":5}},"57":{"start":{"line":92,"column":6},"end":{"line":115,"column":7}},"58":{"start":{"line":93,"column":25},"end":{"line":93,"column":63}},"59":{"start":{"line":94,"column":25},"end":{"line":100,"column":18}},"60":{"start":{"line":102,"column":21},"end":{"line":102,"column":58}},"61":{"start":{"line":104,"column":8},"end":{"line":107,"column":12}},"62":{"start":{"line":104,"column":31},"end":{"line":107,"column":10}},"63":{"start":{"line":109,"column":8},"end":{"line":112,"column":12}},"64":{"start":{"line":109,"column":33},"end":{"line":112,"column":10}},"65":{"start":{"line":114,"column":8},"end":{"line":114,"column":57}},"66":{"start":{"line":118,"column":4},"end":{"line":118,"column":19}},"67":{"start":{"line":122,"column":2},"end":{"line":161,"column":4}},"68":{"start":{"line":148,"column":23},"end":{"line":148,"column":69}},"69":{"start":{"line":152,"column":25},"end":{"line":152,"column":71}},"70":{"start":{"line":164,"column":0},"end":{"line":164,"column":21}}},"fnMap":{"0":{"name":"(anonymous_1)","decl":{"start":{"line":11,"column":14},"end":{"line":11,"column":17}},"loc":{"start":{"line":11,"column":19},"end":{"line":162,"column":1}}},"1":{"name":"(anonymous_2)","decl":{"start":{"line":33,"column":12},"end":{"line":33,"column":15}},"loc":{"start":{"line":33,"column":17},"end":{"line":79,"column":3}}},"2":{"name":"(anonymous_3)","decl":{"start":{"line":37,"column":21},"end":{"line":37,"column":26}},"loc":{"start":{"line":37,"column":32},"end":{"line":76,"column":5}}},"3":{"name":"(anonymous_4)","decl":{"start":{"line":46,"column":57},"end":{"line":46,"column":58}},"loc":{"start":{"line":46,"column":77},"end":{"line":49,"column":14}}},"4":{"name":"(anonymous_5)","decl":{"start":{"line":55,"column":44},"end":{"line":55,"column":45}},"loc":{"start":{"line":55,"column":55},"end":{"line":55,"column":66}}},"5":{"name":"(anonymous_6)","decl":{"start":{"line":64,"column":45},"end":{"line":64,"column":46}},"loc":{"start":{"line":64,"column":54},"end":{"line":66,"column":9}}},"6":{"name":"(anonymous_7)","decl":{"start":{"line":82,"column":12},"end":{"line":82,"column":15}},"loc":{"start":{"line":82,"column":17},"end":{"line":119,"column":3}}},"7":{"name":"(anonymous_8)","decl":{"start":{"line":91,"column":25},"end":{"line":91,"column":30}},"loc":{"start":{"line":91,"column":36},"end":{"line":116,"column":5}}},"8":{"name":"(anonymous_9)","decl":{"start":{"line":104,"column":20},"end":{"line":104,"column":21}},"loc":{"start":{"line":104,"column":31},"end":{"line":107,"column":10}}},"9":{"name":"(anonymous_10)","decl":{"start":{"line":109,"column":22},"end":{"line":109,"column":23}},"loc":{"start":{"line":109,"column":33},"end":{"line":112,"column":10}}},"10":{"name":"(anonymous_11)","decl":{"start":{"line":148,"column":17},"end":{"line":148,"column":20}},"loc":{"start":{"line":148,"column":23},"end":{"line":148,"column":69}}},"11":{"name":"(anonymous_12)","decl":{"start":{"line":152,"column":19},"end":{"line":152,"column":22}},"loc":{"start":{"line":152,"column":25},"end":{"line":152,"column":71}}}},"branchMap":{"0":{"loc":{"start":{"line":24,"column":27},"end":{"line":24,"column":104}},"type":"binary-expr","locations":[{"start":{"line":24,"column":27},"end":{"line":24,"column":98}},{"start":{"line":24,"column":102},"end":{"line":24,"column":104}}]},"1":{"loc":{"start":{"line":34,"column":4},"end":{"line":34,"column":33}},"type":"if","locations":[{"start":{"line":34,"column":4},"end":{"line":34,"column":33}},{"start":{},"end":{}}]},"2":{"loc":{"start":{"line":39,"column":25},"end":{"line":39,"column":63}},"type":"binary-expr","locations":[{"start":{"line":39,"column":25},"end":{"line":39,"column":57}},{"start":{"line":39,"column":61},"end":{"line":39,"column":63}}]},"3":{"loc":{"start":{"line":42,"column":21},"end":{"line":42,"column":53}},"type":"binary-expr","locations":[{"start":{"line":42,"column":21},"end":{"line":42,"column":42}},{"start":{"line":42,"column":46},"end":{"line":42,"column":53}}]},"4":{"loc":{"start":{"line":44,"column":40},"end":{"line":49,"column":15}},"type":"cond-expr","locations":[{"start":{"line":45,"column":12},"end":{"line":45,"column":30}},{"start":{"line":46,"column":12},"end":{"line":49,"column":15}}]},"5":{"loc":{"start":{"line":46,"column":27},"end":{"line":46,"column":51}},"type":"binary-expr","locations":[{"start":{"line":46,"column":27},"end":{"line":46,"column":45}},{"start":{"line":46,"column":49},"end":{"line":46,"column":51}}]},"6":{"loc":{"start":{"line":58,"column":32},"end":{"line":58,"column":59}},"type":"binary-expr","locations":[{"start":{"line":58,"column":32},"end":{"line":58,"column":53}},{"start":{"line":58,"column":57},"end":{"line":58,"column":59}}]},"7":{"loc":{"start":{"line":65,"column":32},"end":{"line":65,"column":66}},"type":"binary-expr","locations":[{"start":{"line":65,"column":32},"end":{"line":65,"column":61}},{"start":{"line":65,"column":65},"end":{"line":65,"column":66}}]},"8":{"loc":{"start":{"line":70,"column":8},"end":{"line":72,"column":9}},"type":"if","locations":[{"start":{"line":70,"column":8},"end":{"line":72,"column":9}},{"start":{},"end":{}}]},"9":{"loc":{"start":{"line":83,"column":4},"end":{"line":83,"column":43}},"type":"if","locations":[{"start":{"line":83,"column":4},"end":{"line":83,"column":43}},{"start":{},"end":{}}]},"10":{"loc":{"start":{"line":83,"column":8},"end":{"line":83,"column":34}},"type":"binary-expr","locations":[{"start":{"line":83,"column":8},"end":{"line":83,"column":21}},{"start":{"line":83,"column":25},"end":{"line":83,"column":34}}]},"11":{"loc":{"start":{"line":86,"column":4},"end":{"line":89,"column":5}},"type":"if","locations":[{"start":{"line":86,"column":4},"end":{"line":89,"column":5}},{"start":{},"end":{}}]},"12":{"loc":{"start":{"line":93,"column":25},"end":{"line":93,"column":63}},"type":"binary-expr","locations":[{"start":{"line":93,"column":25},"end":{"line":93,"column":57}},{"start":{"line":93,"column":61},"end":{"line":93,"column":63}}]},"13":{"loc":{"start":{"line":102,"column":21},"end":{"line":102,"column":58}},"type":"binary-expr","locations":[{"start":{"line":102,"column":21},"end":{"line":102,"column":52}},{"start":{"line":102,"column":56},"end":{"line":102,"column":58}}]},"14":{"loc":{"start":{"line":141,"column":18},"end":{"line":141,"column":46}},"type":"binary-expr","locations":[{"start":{"line":141,"column":18},"end":{"line":141,"column":40}},{"start":{"line":141,"column":44},"end":{"line":141,"column":46}}]}},"s":{"0":1,"1":1,"2":1,"3":1,"4":1,"5":1,"6":1,"7":1,"8":1,"9":6,"10":6,"11":6,"12":6,"13":6,"14":6,"15":6,"16":6,"17":6,"18":6,"19":6,"20":6,"21":6,"22":6,"23":6,"24":2,"25":0,"26":2,"27":2,"28":2,"29":2,"30":2,"31":2,"32":2,"33":0,"34":2,"35":2,"36":2,"37":2,"38":2,"39":2,"40":2,"41":2,"42":2,"43":2,"44":2,"45":2,"46":2,"47":2,"48":0,"49":2,"50":6,"51":5,"52":2,"53":3,"54":2,"55":2,"56":1,"57":1,"58":1,"59":1,"60":1,"61":1,"62":1,"63":1,"64":1,"65":0,"66":1,"67":6,"68":0,"69":0,"70":1},"f":{"0":6,"1":2,"2":2,"3":0,"4":2,"5":2,"6":5,"7":1,"8":1,"9":1,"10":0,"11":0},"b":{"0":[6,6],"1":[0,2],"2":[2,0],"3":[2,0],"4":[2,0],"5":[0,0],"6":[2,0],"7":[2,0],"8":[2,0],"9":[2,3],"10":[5,3],"11":[2,1],"12":[1,0],"13":[1,0],"14":[6,3]}}
,"C:\\Users\\KairaviBaxi\\Desktop\\Mid-office-development\\mid-office-axiom\\src\\modules\\Landing\\LastLogin.tsx": {"path":"C:\\Users\\KairaviBaxi\\Desktop\\Mid-office-development\\mid-office-axiom\\src\\modules\\Landing\\LastLogin.tsx","statementMap":{"0":{"start":{"line":1,"column":0},"end":{"line":1,"column":43}},"1":{"start":{"line":8,"column":26},"end":{"line":21,"column":1}},"2":{"start":{"line":9,"column":2},"end":{"line":9,"column":48}},"3":{"start":{"line":9,"column":30},"end":{"line":9,"column":48}},"4":{"start":{"line":11,"column":2},"end":{"line":20,"column":3}},"5":{"start":{"line":13,"column":6},"end":{"line":13,"column":24}},"6":{"start":{"line":15,"column":6},"end":{"line":15,"column":24}},"7":{"start":{"line":17,"column":6},"end":{"line":17,"column":24}},"8":{"start":{"line":19,"column":6},"end":{"line":19,"column":24}},"9":{"start":{"line":23,"column":24},"end":{"line":36,"column":1}},"10":{"start":{"line":24,"column":15},"end":{"line":24,"column":62}},"11":{"start":{"line":26,"column":14},"end":{"line":26,"column":47}},"12":{"start":{"line":27,"column":16},"end":{"line":27,"column":63}},"13":{"start":{"line":28,"column":15},"end":{"line":28,"column":54}},"14":{"start":{"line":29,"column":15},"end":{"line":33,"column":4}},"15":{"start":{"line":35,"column":2},"end":{"line":35,"column":72}},"16":{"start":{"line":38,"column":44},"end":{"line":40,"column":1}},"17":{"start":{"line":39,"column":2},"end":{"line":39,"column":100}},"18":{"start":{"line":44,"column":0},"end":{"line":44,"column":25}}},"fnMap":{"0":{"name":"(anonymous_0)","decl":{"start":{"line":8,"column":26},"end":{"line":8,"column":27}},"loc":{"start":{"line":8,"column":42},"end":{"line":21,"column":1}}},"1":{"name":"(anonymous_1)","decl":{"start":{"line":23,"column":24},"end":{"line":23,"column":25}},"loc":{"start":{"line":23,"column":49},"end":{"line":36,"column":1}}},"2":{"name":"(anonymous_2)","decl":{"start":{"line":38,"column":44},"end":{"line":38,"column":45}},"loc":{"start":{"line":38,"column":62},"end":{"line":40,"column":1}}}},"branchMap":{"0":{"loc":{"start":{"line":9,"column":2},"end":{"line":9,"column":48}},"type":"if","locations":[{"start":{"line":9,"column":2},"end":{"line":9,"column":48}},{"start":{},"end":{}}]},"1":{"loc":{"start":{"line":9,"column":6},"end":{"line":9,"column":28}},"type":"binary-expr","locations":[{"start":{"line":9,"column":6},"end":{"line":9,"column":15}},{"start":{"line":9,"column":19},"end":{"line":9,"column":28}}]},"2":{"loc":{"start":{"line":11,"column":2},"end":{"line":20,"column":3}},"type":"switch","locations":[{"start":{"line":12,"column":4},"end":{"line":13,"column":24}},{"start":{"line":14,"column":4},"end":{"line":15,"column":24}},{"start":{"line":16,"column":4},"end":{"line":17,"column":24}},{"start":{"line":18,"column":4},"end":{"line":19,"column":24}}]},"3":{"loc":{"start":{"line":24,"column":15},"end":{"line":24,"column":62}},"type":"cond-expr","locations":[{"start":{"line":24,"column":39},"end":{"line":24,"column":44}},{"start":{"line":24,"column":47},"end":{"line":24,"column":62}}]}},"s":{"0":1,"1":1,"2":1,"3":0,"4":1,"5":1,"6":0,"7":0,"8":0,"9":1,"10":1,"11":1,"12":1,"13":1,"14":1,"15":1,"16":1,"17":1,"18":1},"f":{"0":1,"1":1,"2":1},"b":{"0":[0,1],"1":[1,0],"2":[1,0,0,0],"3":[1,0]}}
[...]
5},"end":{"line":580,"column":79}},"type":"cond-expr","locations":[{"start":{"line":579,"column":40},"end":{"line":579,"column":96}},{"start":{"line":580,"column":40},"end":{"line":580,"column":79}}]},"58":{"loc":{"start":{"line":587,"column":39},"end":{"line":587,"column":54}},"type":"binary-expr","locations":[{"start":{"line":587,"column":39},"end":{"line":587,"column":48}},{"start":{"line":587,"column":52},"end":{"line":587,"column":54}}]},"59":{"loc":{"start":{"line":594,"column":21},"end":{"line":606,"column":null}},"type":"binary-expr","locations":[{"start":{"line":594,"column":21},"end":{"line":594,"column":46}},{"start":{"line":595,"column":21},"end":{"line":605,"column":null}}]},"60":{"loc":{"start":{"line":612,"column":15},"end":{"line":684,"column":21}},"type":"binary-expr","locations":[{"start":{"line":612,"column":15},"end":{"line":612,"column":39}},{"start":{"line":612,"column":45},"end":{"line":683,"column":null}}]},"61":{"loc":{"start":{"line":768,"column":9},"end":{"line":771,"column":null}},"type":"binary-expr","locations":[{"start":{"line":768,"column":9},"end":{"line":768,"column":46}},{"start":{"line":769,"column":10},"end":{"line":770,"column":null}}]}},"s":{"0":1,"1":1,"2":1,"3":1,"4":1,"5":1,"6":1,"7":1,"8":1,"9":1,"10":1,"11":1,"12":1,"13":1,"14":1,"15":1,"16":1,"17":3,"18":3,"19":3,"20":3,"21":3,"22":3,"23":3,"24":3,"25":3,"26":3,"27":3,"28":3,"29":3,"30":3,"31":3,"32":3,"33":153,"34":3,"35":3,"36":0,"37":0,"38":0,"39":0,"40":0,"41":0,"42":3,"43":0,"44":0,"45":0,"46":0,"47":3,"48":0,"49":0,"50":0,"51":0,"52":0,"53":0,"54":3,"55":0,"56":0,"57":0,"58":0,"59":0,"60":0,"61":3,"62":0,"63":0,"64":0,"65":0,"66":0,"67":0,"68":0,"69":3,"70":3,"71":3,"72":0,"73":3,"74":0,"75":0,"76":0,"77":0,"78":0,"79":0,"80":0,"81":0,"82":0,"83":0,"84":0,"85":0,"86":0,"87":0,"88":0,"89":0,"90":0,"91":0,"92":0,"93":0,"94":3,"95":0,"96":0,"97":3,"98":1,"99":3,"100":0,"101":3,"102":4,"103":0,"104":0,"105":3,"106":1,"107":1,"108":1,"109":0,"110":0,"111":0,"112":0,"113":0,"114":1,"115":1,"116":0,"117":0,"118":0,"119":0,"120":3,"121":3,"122":3,"123":0,"124":0,"125":0,"126":0,"127":0,"128":0,"129":0,"130":3,"131":3,"132":3,"133":3,"134":3,"135":3,"136":0,"137":0,"138":0,"139":3,"140":1,"141":1,"142":1,"143":1,"144":1,"145":0,"146":0,"147":0,"148":0,"149":0,"150":1,"151":1,"152":0,"153":3,"154":0,"155":0,"156":0,"157":0,"158":0,"159":0,"160":0,"161":0,"162":0,"163":0,"164":0,"165":1,"166":3,"167":3,"168":1,"169":1,"170":1,"171":1,"172":1,"173":0,"174":0,"175":0,"176":0,"177":0,"178":0,"179":1},"f":{"0":3,"1":153,"2":0,"3":0,"4":0,"5":0,"6":0,"7":0,"8":0,"9":0,"10":0,"11":0,"12":0,"13":0,"14":0,"15":0,"16":0,"17":0,"18":0,"19":3,"20":0,"21":0,"22":1,"23":3,"24":0,"25":4,"26":0,"27":0,"28":1,"29":0,"30":1,"31":0,"32":3,"33":0,"34":0,"35":0,"36":1,"37":1,"38":0,"39":0,"40":0,"41":0,"42":0,"43":1,"44":3,"45":1,"46":0,"47":0,"48":0,"49":0,"50":0,"51":0},"b":{"0":[3,3],"1":[0,0],"2":[0,0],"3":[0,0],"4":[3,0],"5":[0,0],"6":[0,0],"7":[0,0],"8":[0,0],"9":[0,0],"10":[0,0],"11":[0,0],"12":[0,0],"13":[0,0],"14":[0,0],"15":[0,3],"16":[0,3],"17":[0,0],"18":[1,0],"19":[0,0],"20":[1,0],"21":[0,0],"22":[3,0],"23":[0,0],"24":[0,0],"25":[0,3],"26":[0,3],"27":[0,3],"28":[0,3],"29":[1,0],"30":[0,0],"31":[0,0],"32":[1,0],"33":[1,0],"34":[1,0],"35":[1,0],"36":[3,0],"37":[3,3,0],"38":[3,2],"39":[0,2],"40":[0,2],"41":[0,2],"42":[0,2],"43":[1,1],"44":[1,1],"45":[0,0],"46":[1,1],"47":[1,1],"48":[0,0],"49":[1,1],"50":[1,1],"51":[0,0],"52":[2,1],"53":[1,2],"54":[0,1],"55":[1,0],"56":[1,1],"57":[0,1],"58":[1,0],"59":[2,1],"60":[2,1],"61":[3,1]}}
,"C:\\Users\\KairaviBaxi\\Desktop\\Mid-office-development\\mid-office-axiom\\src\\modules\\Landing\\SearchApplication.tsx": {"path":"C:\\Users\\KairaviBaxi\\Desktop\\Mid-office-development\\mid-office-axiom\\src\\modules\\Landing\\SearchApplication.tsx","statementMap":{"0":{"start":{"line":1,"column":0},"end":{"line":1,"column":55}},"1":{"start":{"line":2,"column":0},"end":{"line":2,"column":48}},"2":{"start":{"line":3,"column":0},"end":{"line":3,"column":70}},"3":{"start":{"line":4,"column":0},"end":{"line":4,"column":61}},"4":{"start":{"line":5,"column":0},"end":{"line":5,"column":33}},"5":{"start":{"line":7,"column":0},"end":{"line":7,"column":42}},"6":{"start":{"line":9,"column":0},"end":{"line":9,"column":64}},"7":{"start":{"line":10,"column":0},"end":{"line":10,"column":70}},"8":{"start":{"line":11,"column":0},"end":{"line":11,"column":64}},"9":{"start":{"line":12,"column":0},"end":{"line":12,"column":66}},"10":{"start":{"line":13,"column":0},"end":{"line":13,"column":80}},"11":{"start":{"line":14,"column":0},"end":{"line":14,"column":67}},"12":{"start":{"line":15,"column":0},"end":{"line":15,"column":49}},"13":{"start":{"line":16,"column":0},"end":{"line":16,"column":47}},"14":{"start":{"line":22,"column":30},"end":{"line":127,"column":1}},"15":{"start":{"line":25,"column":19},"end":{"line":25,"column":32}},"16":{"start":{"line":26,"column":37},"end":{"line":31,"column":8}},"17":{"start":{"line":27,"column":56},"end":{"line":30,"column":6}},"18":{"start":{"line":32,"column":31},"end":{"line":36,"column":3}},"19":{"start":{"line":33,"column":4},"end":{"line":35,"column":5}},"20":{"start":{"line":34,"column":6},"end":{"line":34,"column":42}},"21":{"start":{"line":38,"column":2},"end":{"line":126,"column":4}},"22":{"start":{"line":112,"column":33},"end":{"line":112,"column":103}},"23":{"start":{"line":128,"column":26},"end":{"line":214,"column":1}},"24":{"start":{"line":129,"column":19},"end":{"line":129,"column":45}},"25":{"start":{"line":130,"column":40},"end":{"line":130,"column":52}},"26":{"start":{"line":133,"column":2},"end":{"line":133,"column":39}},"27":{"start":{"line":134,"column":30},"end":{"line":134,"column":45}},"28":{"start":{"line":136,"column":29},"end":{"line":142,"column":3}},"29":{"start":{"line":137,"column":18},"end":{"line":137,"column":32}},"30":{"start":{"line":138,"column":26},"end":{"line":138,"column":60}},"31":{"start":{"line":139,"column":4},"end":{"line":141,"column":5}},"32":{"start":{"line":140,"column":6},"end":{"line":140,"column":36}},"33":{"start":{"line":144,"column":24},"end":{"line":144,"column":49}},"34":{"start":{"line":145,"column":23},"end":{"line":161,"column":3}},"35":{"start":{"line":146,"column":4},"end":{"line":160,"column":3}},"36":{"start":{"line":147,"column":4},"end":{"line":147,"column":21}},"37":{"start":{"line":149,"column":21},"end":{"line":153,"column":14}},"38":{"start":{"line":155,"column":4},"end":{"line":155,"column":33}},"39":{"start":{"line":157,"column":4},"end":{"line":157,"column":43}},"40":{"start":{"line":159,"column":4},"end":{"line":159,"column":22}},"41":{"start":{"line":162,"column":2},"end":{"line":213,"column":4}},"42":{"start":{"line":215,"column":0},"end":{"line":215,"column":33}}},"fnMap":{"0":{"name":"(anonymous_1)","decl":{"start":{"line":22,"column":30},"end":{"line":22,"column":31}},"loc":{"start":{"line":24,"column":33},"end":{"line":127,"column":1}}},"1":{"name":"(anonymous_2)","decl":{"start":{"line":27,"column":35},"end":{"line":27,"column":36}},"loc":{"start":{"line":27,"column":56},"end":{"line":30,"column":6}}},"2":{"name":"(anonymous_3)","decl":{"start":{"line":32,"column":31},"end":{"line":32,"column":34}},"loc":{"start":{"line":32,"column":36},"end":{"line":36,"column":3}}},"3":{"name":"(anonymous_4)","decl":{"start":{"line":112,"column":27},"end":{"line":112,"column":30}},"loc":{"start":{"line":112,"column":33},"end":{"line":112,"column":103}}},"4":{"name":"(anonymous_5)","decl":{"start":{"line":128,"column":26},"end":{"line":128,"column":29}},"loc":{"start":{"line":128,"column":31},"end":{"line":214,"column":1}}},"5":{"name":"(anonymous_6)","decl":{"start":{"line":136,"column":29},"end":{"line":136,"column":30}},"loc":{"start":{"line":136,"column":72},"end":{"line":142,"column":3}}},"6":{"name":"(anonymous_7)","decl":{"start":{"line":145,"column":23},"end":{"line":145,"column":28}},"loc":{"start":{"line":145,"column":34},"end":{"line":161,"column":3}}}},"branchMap":{"0":{"loc":{"start":{"line":26,"column":37},"end":{"line":31,"column":8}},"type":"cond-expr","locations":[{"start":{"line":27,"column":6},"end":{"line":30,"column":7}},{"start":{"line":31,"column":6},"end":{"line":31,"column":8}}]},"1":{"loc":{"start":{"line":29,"column":20},"end":{"line":29,"column":54}},"type":"binary-expr","locations":[{"start":{"line":29,"column":20},"end":{"line":29,"column":48}},{"start":{"line":29,"column":52},"end":{"line":29,"column":54}}]},"2":{"loc":{"start":{"line":33,"column":4},"end":{"line":35,"column":5}},"type":"if","locations":[{"start":{"line":33,"column":4},"end":{"line":35,"column":5}},{"start":{},"end":{}}]},"3":{"loc":{"start":{"line":54,"column":17},"end":{"line":57,"column":null}},"type":"cond-expr","locations":[{"start":{"line":55,"column":18},"end":{"line":55,"column":77}},{"start":{"line":57,"column":18},"end":{"line":57,"column":59}}]},"4":{"loc":{"start":{"line":139,"column":4},"end":{"line":141,"column":5}},"type":"if","locations":[{"start":{"line":139,"column":4},"end":{"line":141,"column":5}},{"start":{},"end":{}}]},"5":{"loc":{"start":{"line":187,"column":17},"end":{"line":187,"column":66}},"type":"binary-expr","locations":[{"start":{"line":187,"column":17},"end":{"line":187,"column":39}},{"start":{"line":187,"column":43},"end":{"line":187,"column":66}}]},"6":{"loc":{"start":{"line":189,"column":12},"end":{"line":191,"column":18}},"type":"cond-expr","locations":[{"start":{"line":190,"column":16},"end":{"line":190,"column":67}},{"start":{"line":191,"column":16},"end":{"line":191,"column":18}}]},"7":{"loc":{"start":{"line":189,"column":12},"end":{"line":189,"column":61}},"type":"binary-expr","locations":[{"start":{"line":189,"column":12},"end":{"line":189,"column":34}},{"start":{"line":189,"column":38},"end":{"line":189,"column":61}}]},"8":{"loc":{"start":{"line":206,"column":11},"end":{"line":206,"column":46}},"type":"cond-expr","locations":[{"start":{"line":206,"column":21},"end":{"line":206,"column":35}},{"start":{"line":206,"column":38},"end":{"line":206,"column":46}}]},"9":{"loc":{"start":{"line":209,"column":7},"end":{"line":210,"column":null}},"type":"binary-expr","locations":[{"start":{"line":209,"column":7},"end":{"line":209,"column":22}},{"start":{"line":210,"column":2},"end":{"line":210,"column":50}}]}},"s":{"0":1,"1":1,"2":1,"3":1,"4":1,"5":1,"6":1,"7":1,"8":1,"9":1,"10":1,"11":1,"12":1,"13":1,"14":1,"15":1,"16":1,"17":9,"18":1,"19":1,"20":1,"21":1,"22":1,"23":1,"24":25,"25":25,"26":25,"27":25,"28":25,"29":23,"30":23,"31":23,"32":22,"33":25,"34":25,"35":1,"36":1,"37":1,"38":1,"39":0,"40":1,"41":25,"42":1},"f":{"0":1,"1":9,"2":1,"3":1,"4":25,"5":23,"6":1},"b":{"0":[1,0],"1":[9,9],"2":[1,0],"3":[1,0],"4":[22,1],"5":[25,23],"6":[19,6],"7":[25,23],"8":[1,24],"9":[25,1]}}
,"C:\\Users\\KairaviBaxi\\Desktop\\Mid-office-development\\mid-office-axiom\\src\\modules\\Login\\Login.tsx": {"path":"C:\\Users\\KairaviBaxi\\Desktop\\Mid-office-development\\mid-office-axiom\\src\\modules\\Login\\Login.tsx","statementMap":{"0":{"start":{"line":1,"column":0},"end":{"line":1,"column":26}},"1":{"start":{"line":2,"column":0},"end":{"line":2,"column":63}},"2":{"start":{"line":4,"column":0},"end":{"line":4,"column":54}},"3":{"start":{"line":5,"column":0},"end":{"line":5,"column":51}},"4":{"start":{"line":6,"column":0},"end":{"line":6,"column":52}},"5":{"start":{"line":7,"column":0},"end":{"line":7,"column":48}},"6":{"start":{"line":9,"column":0},"end":{"line":9,"column":60}},"7":{"start":{"line":11,"column":0},"end":{"line":11,"column":70}},"8":{"start":{"line":12,"column":0},"end":{"line":12,"column":67}},"9":{"start":{"line":13,"column":0},"end":{"line":13,"column":61}},"10":{"start":{"line":15,"column":0},"end":{"line":15,"column":59}},"11":{"start":{"line":16,"column":0},"end":{"line":16,"column":54}},"12":{"start":{"line":17,"column":0},"end":{"line":17,"column":47}},"13":{"start":{"line":18,"column":0},"end":{"line":18,"column":58}},"14":{"start":{"line":19,"column":0},"end":{"line":19,"column":51}},"15":{"start":{"line":25,"column":14},"end":{"line":247,"column":1}},"16":{"start":{"line":26,"column":36},"end":{"line":26,"column":56}},"17":{"start":{"line":27,"column":17},"end":{"line":27,"column":33}},"18":{"start":{"line":28,"column":17},"end":{"line":28,"column":30}},"19":{"start":{"line":29,"column":30},"end":{"line":29,"column":72}},"20":{"start":{"line":31,"column":19},"end":{"line":52,"column":1}},"21":{"start":{"line":32,"column":2},"end":{"line":32,"column":23}},"22":{"start":{"line":34,"column":2},"end":{"line":51,"column":3}},"23":{"start":{"line":35,"column":16},"end":{"line":38,"column":19}},"24":{"start":{"line":41,"column":4},"end":{"line":46,"column":5}},"25":{"start":{"line":42,"column":7},"end":{"line":42,"column":49}},"26":{"start":{"line":43,"column":7},"end":{"line":43,"column":55}},"27":{"start":{"line":45,"column":6},"end":{"line":45,"column":32}},"28":{"start":{"line":48,"column":4},"end":{"line":48,"column":39}},"29":{"start":{"line":50,"column":4},"end":{"line":50,"column":22}},"30":{"start":{"line":54,"column":2},"end":{"line":246,"column":4}},"31":{"start":{"line":144,"column":18},"end":{"line":150,"column":null}},"32":{"start":{"line":167,"column":18},"end":{"line":174,"column":null}},"33":{"start":{"line":249,"column":0},"end":{"line":249,"column":21}}},"fnMap":{"0":{"name":"(anonymous_1)","decl":{"start":{"line":25,"column":14},"end":{"line":25,"column":17}},"loc":{"start":{"line":25,"column":19},"end":{"line":247,"column":1}}},"1":{"name":"(anonymous_2)","decl":{"start":{"line":31,"column":19},"end":{"line":31,"column":24}},"loc":{"start":{"line":31,"column":44},"end":{"line":52,"column":1}}},"2":{"name":"(anonymous_3)","decl":{"start":{"line":143,"column":24},"end":{"line":143,"column":25}},"loc":{"start":{"line":144,"column":18},"end":{"line":150,"column":null}}},"3":{"name":"(anonymous_4)","decl":{"start":{"line":166,"column":24},"end":{"line":166,"column":25}},"loc":{"start":{"line":167,"column":18},"end":{"line":174,"column":null}}}},"branchMap":{"0":{"loc":{"start":{"line":41,"column":4},"end":{"line":46,"column":5}},"type":"if","locations":[{"start":{"line":41,"column":4},"end":{"line":46,"column":5}},{"start":{},"end":{}}]},"1":{"loc":{"start":{"line":207,"column":15},"end":{"line":207,"column":64}},"type":"cond-expr","locations":[{"start":{"line":207,"column":38},"end":{"line":207,"column":53}},{"start":{"line":207,"column":56},"end":{"line":207,"column":64}}]}},"s":{"0":1,"1":1,"2":1,"3":1,"4":1,"5":1,"6":1,"7":1,"8":1,"9":1,"10":1,"11":1,"12":1,"13":1,"14":1,"15":1,"16":5,"17":5,"18":5,"19":5,"20":5,"21":1,"22":1,"23":1,"24":1,"25":1,"26":1,"27":1,"28":0,"29":1,"30":5,"31":14,"32":15,"33":1},"f":{"0":5,"1":1,"2":14,"3":15},"b":{"0":[1,0],"1":[0,5]}}
,"C:\\Users\\KairaviBaxi\\Desktop\\Mid-office-development\\mid-office-axiom\\src\\store\\inbox.columns.ts": {"path":"C:\\Users\\KairaviBaxi\\Desktop\\Mid-office-development\\mid-office-axiom\\src\\store\\inbox.columns.ts","statementMap":{"0":{"start":{"line":3,"column":13},"end":{"line":124,"column":2}}},"fnMap":{},"branchMap":{},"s":{"0":1},"f":{},"b":{}}
,"C:\\Users\\KairaviBaxi\\Desktop\\Mid-office-development\\mid-office-axiom\\src\\utils\\constant.ts": {"path":"C:\\Users\\KairaviBaxi\\Desktop\\Mid-office-development\\mid-office-axiom\\src\\utils\\constant.ts","statementMap":{"0":{"start":{"line":3,"column":13},"end":{"line":9,"column":2}},"1":{"start":{"line":10,"column":13},"end":{"line":17,"column":2}},"2":{"start":{"line":19,"column":13},"end":{"line":34,"column":2}},"3":{"start":{"line":36,"column":13},"end":{"line":46,"column":2}},"4":{"start":{"line":48,"column":13},"end":{"line":52,"column":2}},"5":{"start":{"line":54,"column":13},"end":{"line":61,"column":2}},"6":{"start":{"line":63,"column":13},"end":{"line":68,"column":2}},"7":{"start":{"line":70,"column":13},"end":{"line":74,"column":2}},"8":{"start":{"line":76,"column":13},"end":{"line":80,"column":2}},"9":{"start":{"line":82,"column":13},"end":{"line":86,"column":2}},"10":{"start":{"line":88,"column":13},"end":{"line":92,"column":2}},"11":{"start":{"line":94,"column":13},"end":{"line":101,"column":2}},"12":{"start":{"line":103,"column":13},"end":{"line":110,"column":2}},"13":{"start":{"line":112,"column":13},"end":{"line":116,"column":2}},"14":{"start":{"line":118,"column":13},"end":{"line":127,"column":2}},"15":{"start":{"line":129,"column":13},"end":{"line":133,"column":2}},"16":{"start":{"line":135,"column":13},"end":{"line":139,"column":2}},"17":{"start":{"line":141,"column":13},"end":{"line":147,"column":2}},"18":{"start":{"line":149,"column":13},"end":{"line":155,"column":2}},"19":{"start":{"line":157,"column":13},"end":{"line":197,"column":2}},"20":{"start":{"line":199,"column":13},"end":{"line":389,"column":2}},"21":{"start":{"line":391,"column":13},"end":{"line":401,"column":11}}},"fnMap":{},"branchMap":{},"s":{"0":1,"1":1,"2":1,"3":1,"4":1,"5":1,"6":1,"7":1,"8":1,"9":1,"10":1,"11":1,"12":1,"13":1,"14":1,"15":1,"16":1,"17":1,"18":1,"19":1,"20":1,"21":1},"f":{},"b":{}}
,"C:\\Users\\KairaviBaxi\\Desktop\\Mid-office-development\\mid-office-axiom\\src\\utils\\filter.ts": {"path":"C:\\Users\\KairaviBaxi\\Desktop\\Mid-office-development\\mid-office-axiom\\src\\utils\\filter.ts","statementMap":{"0":{"start":{"line":1,"column":39},"end":{"line":5,"column":1}},"1":{"start":{"line":2,"column":2},"end":{"line":2,"column":62}},"2":{"start":{"line":2,"column":34},"end":{"line":2,"column":62}},"3":{"start":{"line":3,"column":2},"end":{"line":3,"column":31}},"4":{"start":{"line":3,"column":21},"end":{"line":3,"column":31}},"5":{"start":{"line":4,"column":2},"end":{"line":4,"column":23}},"6":{"start":{"line":1,"column":13},"end":{"line":1,"column":39}}},"fnMap":{"0":{"name":"(anonymous_0)","decl":{"start":{"line":1,"column":39},"end":{"line":1,"column":40}},"loc":{"start":{"line":1,"column":66},"end":{"line":5,"column":1}}}},"branchMap":{"0":{"loc":{"start":{"line":2,"column":2},"end":{"line":2,"column":62}},"type":"if","locations":[{"start":{"line":2,"column":2},"end":{"line":2,"column":62}},{"start":{},"end":{}}]},"1":{"loc":{"start":{"line":2,"column":41},"end":{"line":2,"column":61}},"type":"cond-expr","locations":[{"start":{"line":2,"column":49},"end":{"line":2,"column":54}},{"start":{"line":2,"column":57},"end":{"line":2,"column":61}}]},"2":{"loc":{"start":{"line":3,"column":2},"end":{"line":3,"column":31}},"type":"if","locations":[{"start":{"line":3,"column":2},"end":{"line":3,"column":31}},{"start":{},"end":{}}]}},"s":{"0":2,"1":4,"2":0,"3":4,"4":0,"5":4,"6":2},"f":{"0":4},"b":{"0":[0,4],"1":[0,0],"2":[0,4]}}
,"C:\\Users\\KairaviBaxi\\Desktop\\Mid-office-development\\mid-office-axiom\\src\\utils\\styles.ts": {"path":"C:\\Users\\KairaviBaxi\\Desktop\\Mid-office-development\\mid-office-axiom\\src\\utils\\styles.ts","statementMap":{"0":{"start":{"line":1,"column":13},"end":{"line":4,"column":2}},"1":{"start":{"line":6,"column":13},"end":{"line":10,"column":2}},"2":{"start":{"line":12,"column":13},"end":{"line":18,"column":2}},"3":{"start":{"line":20,"column":13},"end":{"line":25,"column":2}},"4":{"start":{"line":27,"column":13},"end":{"line":64,"column":2}},"5":{"start":{"line":66,"column":13},"end":{"line":77,"column":2}},"6":{"start":{"line":79,"column":13},"end":{"line":84,"column":2}},"7":{"start":{"line":86,"column":13},"end":{"line":103,"column":2}},"8":{"start":{"line":105,"column":13},"end":{"line":110,"column":2}},"9":{"start":{"line":112,"column":13},"end":{"line":132,"column":2}}},"fnMap":{},"branchMap":{},"s":{"0":7,"1":7,"2":7,"3":7,"4":7,"5":7,"6":7,"7":7,"8":7,"9":7},"f":{},"b":{}}
,"C:\\Users\\KairaviBaxi\\Desktop\\Mid-office-development\\mid-office-axiom\\src\\validations\\validation.ts": {"path":"C:\\Users\\KairaviBaxi\\Desktop\\Mid-office-development\\mid-office-axiom\\src\\validations\\validation.ts","statementMap":{"0":{"start":{"line":2,"column":13},"end":{"line":18,"column":2}}},"fnMap":{},"branchMap":{},"s":{"0":1},"f":{},"b":{}}
}
