TN:
SF:src\modules\DRS\DRS.tsx
FN:22,(anonymous_1)
FN:34,(anonymous_2)
FN:56,(anonymous_3)
FN:57,(anonymous_4)
FNF:4
FNH:4
FNDA:2,(anonymous_1)
FNDA:2,(anonymous_2)
FNDA:1,(anonymous_3)
FNDA:4,(anonymous_4)
DA:1,1
DA:2,1
DA:3,1
DA:4,1
DA:5,1
DA:7,1
DA:8,1
DA:10,1
DA:22,1
DA:23,2
DA:24,2
DA:26,2
DA:27,2
DA:28,2
DA:30,2
DA:31,2
DA:34,2
DA:35,2
DA:36,0
DA:39,2
DA:46,2
DA:54,2
DA:56,1
DA:58,4
DA:59,4
DA:69,1
LF:26
LH:25
BRDA:23,0,0,2
BRDA:23,0,1,0
BRDA:27,1,0,2
BRDA:27,1,1,0
BRDA:31,2,0,2
BRDA:31,2,1,0
BRDA:35,3,0,0
BRDA:35,3,1,2
BRF:8
BRH:4
end_of_record
TN:
SF:src\modules\Grievance\Grievance.tsx
FN:59,(anonymous_1)
FN:59,(anonymous_2)
FN:61,(anonymous_3)
FN:69,(anonymous_4)
FN:73,(anonymous_5)
FN:99,(anonymous_6)
FN:100,(anonymous_7)
FN:106,(anonymous_8)
FN:116,(anonymous_9)
FN:117,(anonymous_10)
FN:117,(anonymous_11)
FN:120,(anonymous_12)
FN:128,(anonymous_13)
FN:136,(anonymous_14)
FN:139,(anonymous_15)
FN:149,(anonymous_16)
FN:153,(anonymous_17)
FN:154,(anonymous_18)
FN:154,(anonymous_19)
FN:157,(anonymous_20)
FN:180,(anonymous_21)
FN:215,(anonymous_22)
FN:215,(anonymous_23)
FN:216,(anonymous_24)
FN:216,(anonymous_25)
FN:222,(anonymous_26)
FN:223,(anonymous_27)
FN:223,(anonymous_28)
FN:229,(anonymous_29)
FN:235,(anonymous_30)
FN:241,(anonymous_31)
FN:244,(anonymous_32)
FN:259,(anonymous_33)
FN:277,(anonymous_34)
FN:299,(anonymous_35)
FN:344,(anonymous_36)
FN:349,(anonymous_37)
FN:366,(anonymous_38)
FN:374,(anonymous_39)
FN:405,(anonymous_40)
FN:426,(anonymous_41)
FN:457,(anonymous_42)
FN:480,(anonymous_43)
FN:481,(anonymous_44)
FNF:44
FNH:10
FNDA:0,(anonymous_1)
FNDA:0,(anonymous_2)
FNDA:0,(anonymous_3)
FNDA:0,(anonymous_4)
FNDA:22,(anonymous_5)
FNDA:2,(anonymous_6)
FNDA:2,(anonymous_7)
FNDA:2,(anonymous_8)
FNDA:0,(anonymous_9)
FNDA:0,(anonymous_10)
FNDA:0,(anonymous_11)
FNDA:0,(anonymous_12)
FNDA:0,(anonymous_13)
FNDA:0,(anonymous_14)
FNDA:0,(anonymous_15)
FNDA:0,(anonymous_16)
FNDA:0,(anonymous_17)
FNDA:0,(anonymous_18)
FNDA:0,(anonymous_19)
FNDA:1,(anonymous_20)
FNDA:1,(anonymous_21)
FNDA:0,(anonymous_22)
FNDA:0,(anonymous_23)
FNDA:0,(anonymous_24)
FNDA:0,(anonymous_25)
FNDA:0,(anonymous_26)
FNDA:0,(anonymous_27)
FNDA:0,(anonymous_28)
FNDA:0,(anonymous_29)
FNDA:0,(anonymous_30)
FNDA:0,(anonymous_31)
FNDA:0,(anonymous_32)
FNDA:0,(anonymous_33)
FNDA:0,(anonymous_34)
FNDA:66,(anonymous_35)
FNDA:0,(anonymous_36)
FNDA:0,(anonymous_37)
FNDA:0,(anonymous_38)
FNDA:0,(anonymous_39)
FNDA:0,(anonymous_40)
FNDA:11,(anonymous_41)
FNDA:1,(anonymous_42)
FNDA:0,(anonymous_43)
FNDA:1,(anonymous_44)
DA:1,1
DA:2,1
DA:3,1
DA:4,1
DA:5,1
DA:6,1
DA:7,1
DA:8,1
DA:16,1
DA:17,1
DA:18,1
DA:19,1
DA:21,1
DA:22,1
DA:24,1
DA:36,1
DA:41,1
DA:59,1
DA:60,0
DA:61,0
DA:62,0
DA:63,0
DA:64,0
DA:66,0
DA:67,0
DA:69,0
DA:70,0
DA:73,1
DA:74,22
DA:75,22
DA:76,22
DA:77,22
DA:78,22
DA:79,22
DA:80,22
DA:81,22
DA:83,22
DA:84,22
DA:85,22
DA:86,22
DA:87,22
DA:88,22
DA:89,22
DA:90,22
DA:91,22
DA:92,22
DA:93,22
DA:94,22
DA:95,22
DA:97,22
DA:99,22
DA:100,2
DA:101,2
DA:102,2
DA:103,2
DA:104,2
DA:105,2
DA:106,2
DA:108,0
DA:110,2
DA:113,2
DA:116,22
DA:117,0
DA:120,22
DA:121,0
DA:122,0
DA:125,0
DA:126,0
DA:127,0
DA:128,0
DA:136,0
DA:137,0
DA:138,0
DA:139,0
DA:140,0
DA:142,0
DA:145,0
DA:149,22
DA:150,0
DA:153,22
DA:154,0
DA:157,22
DA:158,1
DA:159,1
DA:160,1
DA:161,1
DA:168,1
DA:174,0
DA:176,1
DA:180,22
DA:181,1
DA:182,0
DA:183,0
DA:186,1
DA:187,1
DA:188,1
DA:190,1
DA:196,1
DA:202,0
DA:204,1
DA:208,22
DA:214,22
DA:215,22
DA:216,22
DA:218,22
DA:222,0
DA:223,0
DA:229,0
DA:235,0
DA:242,0
DA:244,0
DA:259,0
DA:263,22
DA:277,0
DA:300,66
DA:345,0
DA:346,0
DA:347,0
DA:350,0
DA:351,0
DA:367,0
DA:368,0
DA:375,0
DA:405,0
DA:426,11
DA:458,1
DA:459,1
DA:480,0
DA:482,1
DA:489,1
LF:130
LH:82
BRDA:62,0,0,0
BRDA:62,0,1,0
BRDA:66,1,0,0
BRDA:78,2,0,22
BRDA:78,2,1,0
BRDA:79,3,0,22
BRDA:79,3,1,0
BRDA:79,3,2,0
BRDA:80,4,0,22
BRDA:80,4,1,0
BRDA:80,4,2,0
BRDA:108,5,0,0
BRDA:108,5,1,0
BRDA:117,6,0,0
BRDA:117,6,1,0
BRDA:121,7,0,0
BRDA:121,7,1,0
BRDA:121,8,0,0
BRDA:121,8,1,0
BRDA:130,9,0,0
BRDA:130,9,1,0
BRDA:145,10,0,0
BRDA:145,10,1,0
BRDA:154,11,0,0
BRDA:154,11,1,0
BRDA:170,12,0,1
BRDA:170,12,1,0
BRDA:174,13,0,0
BRDA:174,13,1,0
BRDA:181,14,0,0
BRDA:181,14,1,1
BRDA:181,15,0,1
BRDA:181,15,1,1
BRDA:198,16,0,1
BRDA:198,16,1,0
BRDA:202,17,0,0
BRDA:202,17,1,0
BRDA:209,18,0,22
BRDA:209,18,1,4
BRDA:210,19,0,22
BRDA:210,19,1,4
BRDA:211,20,0,22
BRDA:211,20,1,4
BRDA:214,21,0,22
BRDA:214,21,1,18
BRDA:215,22,0,0
BRDA:215,22,1,0
BRDA:216,23,0,0
BRDA:216,23,1,0
BRDA:222,24,0,0
BRDA:222,24,1,0
BRDA:286,25,0,22
BRDA:286,25,1,0
BRDA:307,26,0,44
BRDA:307,26,1,22
BRDA:323,27,0,2
BRDA:323,27,1,20
BRDA:372,28,0,22
BRDA:372,28,1,0
BRDA:414,29,0,22
BRDA:414,29,1,0
BRDA:430,30,0,22
BRDA:430,30,1,0
BRDA:431,31,0,0
BRDA:431,31,1,0
BRDA:442,32,0,1
BRDA:442,32,1,21
BRDA:454,33,0,1
BRDA:454,33,1,21
BRDA:455,34,0,1
BRDA:455,34,1,21
BRDA:458,35,0,0
BRDA:458,35,1,1
BRDA:464,36,0,1
BRDA:464,36,1,21
BRDA:467,37,0,22
BRDA:467,37,1,0
BRF:77
BRH:34
end_of_record
TN:
SF:src\modules\Grievance\GrievanceApplication.tsx
FN:40,(anonymous_1)
FN:41,(anonymous_2)
FN:43,(anonymous_3)
FN:52,(anonymous_4)
FN:68,(anonymous_5)
FN:91,(anonymous_6)
FN:92,(anonymous_7)
FN:120,(anonymous_8)
FN:124,(anonymous_9)
FN:133,(anonymous_10)
FN:141,(anonymous_11)
FN:145,(anonymous_12)
FN:160,(anonymous_13)
FN:161,(anonymous_14)
FN:162,(anonymous_15)
FN:166,(anonymous_16)
FN:175,(anonymous_17)
FN:202,(anonymous_18)
FN:311,(anonymous_19)
FN:342,(anonymous_20)
FN:347,(anonymous_21)
FN:364,(anonymous_22)
FN:372,(anonymous_23)
FN:392,(anonymous_24)
FNF:24
FNH:7
FNDA:0,(anonymous_1)
FNDA:0,(anonymous_2)
FNDA:0,(anonymous_3)
FNDA:0,(anonymous_4)
FNDA:8,(anonymous_5)
FNDA:2,(anonymous_6)
FNDA:2,(anonymous_7)
FNDA:0,(anonymous_8)
FNDA:0,(anonymous_9)
FNDA:0,(anonymous_10)
FNDA:0,(anonymous_11)
FNDA:0,(anonymous_12)
FNDA:0,(anonymous_13)
FNDA:0,(anonymous_14)
FNDA:0,(anonymous_15)
FNDA:1,(anonymous_16)
FNDA:1,(anonymous_17)
FNDA:1,(anonymous_18)
FNDA:4,(anonymous_19)
FNDA:0,(anonymous_20)
FNDA:0,(anonymous_21)
FNDA:0,(anonymous_22)
FNDA:0,(anonymous_23)
FNDA:0,(anonymous_24)
DA:1,1
DA:13,1
DA:14,1
DA:15,1
DA:16,1
DA:17,1
DA:21,1
DA:22,1
DA:23,1
DA:24,1
DA:25,1
DA:26,1
DA:31,1
DA:40,1
DA:41,0
DA:42,0
DA:43,0
DA:44,0
DA:45,0
DA:46,0
DA:49,0
DA:50,0
DA:52,0
DA:53,0
DA:56,1
DA:68,1
DA:69,8
DA:70,8
DA:71,8
DA:72,8
DA:73,8
DA:75,8
DA:77,8
DA:80,8
DA:81,8
DA:82,8
DA:85,8
DA:86,8
DA:87,8
DA:88,8
DA:89,8
DA:91,8
DA:92,2
DA:93,2
DA:94,2
DA:95,2
DA:97,2
DA:104,2
DA:105,2
DA:107,0
DA:113,2
DA:117,2
DA:120,8
DA:121,0
DA:124,8
DA:125,0
DA:126,0
DA:129,0
DA:130,0
DA:132,0
DA:133,0
DA:141,0
DA:142,0
DA:143,0
DA:145,0
DA:146,0
DA:149,0
DA:152,0
DA:160,8
DA:161,0
DA:162,0
DA:166,8
DA:167,1
DA:168,1
DA:169,1
DA:171,1
DA:175,1
DA:180,1
DA:187,0
DA:193,1
DA:197,8
DA:202,1
DA:312,4
DA:343,0
DA:344,0
DA:345,0
DA:348,0
DA:349,0
DA:365,0
DA:366,0
DA:373,0
DA:392,0
DA:437,1
LF:93
LH:56
BRDA:44,0,0,0
BRDA:44,0,1,0
BRDA:49,1,0,0
BRDA:73,2,0,8
BRDA:73,2,1,0
BRDA:75,3,0,8
BRDA:75,3,1,0
BRDA:77,4,0,8
BRDA:77,4,1,0
BRDA:77,4,2,0
BRDA:105,5,0,2
BRDA:105,5,1,0
BRDA:108,6,0,0
BRDA:108,6,1,0
BRDA:125,7,0,0
BRDA:125,7,1,0
BRDA:125,8,0,0
BRDA:125,8,1,0
BRDA:135,9,0,0
BRDA:135,9,1,0
BRDA:153,10,0,0
BRDA:153,10,1,0
BRDA:162,11,0,0
BRDA:162,11,1,0
BRDA:183,12,0,1
BRDA:183,12,1,0
BRDA:188,13,0,0
BRDA:188,13,1,0
BRDA:211,14,0,8
BRDA:211,14,1,0
BRDA:232,15,0,8
BRDA:232,15,1,4
BRDA:239,16,0,8
BRDA:239,16,1,4
BRDA:246,17,0,8
BRDA:246,17,1,4
BRDA:253,18,0,8
BRDA:253,18,1,4
BRDA:260,19,0,8
BRDA:260,19,1,4
BRDA:267,20,0,8
BRDA:267,20,1,4
BRDA:304,21,0,2
BRDA:304,21,1,6
BRDA:310,22,0,4
BRDA:310,22,1,2
BRDA:370,23,0,8
BRDA:370,23,1,0
BRDA:401,24,0,8
BRDA:401,24,1,0
BRDA:408,25,0,8
BRDA:408,25,1,0
BRDA:413,26,0,0
BRDA:413,26,1,0
BRDA:426,27,0,1
BRDA:426,27,1,7
BRF:56
BRH:27
end_of_record
TN:
SF:src\modules\Landing\FilterTable.tsx
FN:22,(anonymous_1)
FN:32,(anonymous_2)
FN:32,(anonymous_3)
FN:38,(anonymous_4)
FN:43,(anonymous_5)
FN:46,(anonymous_6)
FN:50,(anonymous_7)
FN:61,(anonymous_8)
FN:63,(anonymous_9)
FN:69,(anonymous_10)
FN:72,(anonymous_11)
FN:74,(anonymous_12)
FN:81,(anonymous_13)
FN:84,(anonymous_14)
FN:90,(anonymous_15)
FN:95,(anonymous_16)
FN:104,(anonymous_17)
FN:130,(anonymous_18)
FN:147,(anonymous_19)
FN:150,(anonymous_20)
FN:175,(anonymous_21)
FN:183,(anonymous_22)
FNF:22
FNH:18
FNDA:2,(anonymous_1)
FNDA:2,(anonymous_2)
FNDA:2,(anonymous_3)
FNDA:2,(anonymous_4)
FNDA:2,(anonymous_5)
FNDA:2,(anonymous_6)
FNDA:4,(anonymous_7)
FNDA:2,(anonymous_8)
FNDA:2,(anonymous_9)
FNDA:2,(anonymous_10)
FNDA:0,(anonymous_11)
FNDA:0,(anonymous_12)
FNDA:1,(anonymous_13)
FNDA:2,(anonymous_14)
FNDA:1,(anonymous_15)
FNDA:1,(anonymous_16)
FNDA:0,(anonymous_17)
FNDA:1,(anonymous_18)
FNDA:2,(anonymous_19)
FNDA:0,(anonymous_20)
FNDA:4,(anonymous_21)
FNDA:1,(anonymous_22)
DA:1,1
DA:2,1
DA:3,1
DA:4,1
DA:5,1
DA:6,1
DA:8,1
DA:22,1
DA:31,2
DA:32,2
DA:36,2
DA:38,2
DA:39,2
DA:40,2
DA:43,2
DA:44,2
DA:46,2
DA:47,2
DA:48,2
DA:50,2
DA:51,4
DA:52,4
DA:55,2
DA:58,2
DA:61,2
DA:62,2
DA:63,2
DA:64,2
DA:66,2
DA:69,2
DA:70,2
DA:72,2
DA:73,0
DA:74,0
DA:77,0
DA:81,2
DA:82,1
DA:84,1
DA:85,2
DA:87,2
DA:90,1
DA:95,2
DA:96,1
DA:99,2
DA:101,2
DA:104,0
DA:131,1
DA:132,1
DA:148,2
DA:150,0
DA:176,4
DA:183,1
DA:198,1
LF:53
LH:48
BRDA:39,0,0,0
BRDA:39,0,1,2
BRDA:40,1,0,2
BRDA:40,1,1,0
BRDA:52,2,0,4
BRDA:52,2,1,0
BRDA:77,3,0,0
BRDA:77,3,1,0
BRDA:82,4,0,0
BRDA:82,4,1,1
BRDA:85,5,0,2
BRDA:85,5,1,1
BRDA:89,6,0,1
BRDA:89,6,1,1
BRDA:99,7,0,2
BRDA:99,7,1,0
BRDA:155,8,0,2
BRDA:155,8,1,0
BRDA:157,9,0,2
BRDA:157,9,1,0
BRDA:162,10,0,2
BRDA:162,10,1,0
BRDA:166,11,0,2
BRDA:166,11,1,0
BRDA:182,12,0,4
BRDA:182,12,1,2
BRDA:188,13,0,2
BRDA:188,13,1,2
BRDA:188,13,2,0
BRF:29
BRH:17
end_of_record
TN:
SF:src\modules\Landing\Inbox.tsx
FN:11,(anonymous_1)
FN:33,(anonymous_2)
FN:37,(anonymous_3)
FN:46,(anonymous_4)
FN:55,(anonymous_5)
FN:64,(anonymous_6)
FN:82,(anonymous_7)
FN:91,(anonymous_8)
FN:104,(anonymous_9)
FN:109,(anonymous_10)
FN:148,(anonymous_11)
FN:152,(anonymous_12)
FNF:12
FNH:9
FNDA:6,(anonymous_1)
FNDA:2,(anonymous_2)
FNDA:2,(anonymous_3)
FNDA:0,(anonymous_4)
FNDA:2,(anonymous_5)
FNDA:2,(anonymous_6)
FNDA:5,(anonymous_7)
FNDA:1,(anonymous_8)
FNDA:1,(anonymous_9)
FNDA:1,(anonymous_10)
FNDA:0,(anonymous_11)
FNDA:0,(anonymous_12)
DA:1,1
DA:2,1
DA:3,1
DA:4,1
DA:6,1
DA:7,1
DA:8,1
DA:9,1
DA:11,1
DA:12,6
DA:13,6
DA:14,6
DA:16,6
DA:17,6
DA:18,6
DA:19,6
DA:20,6
DA:22,6
DA:23,6
DA:24,6
DA:25,6
DA:27,6
DA:30,6
DA:33,6
DA:34,2
DA:35,2
DA:37,2
DA:38,2
DA:39,2
DA:40,2
DA:42,2
DA:44,2
DA:46,0
DA:51,2
DA:52,2
DA:53,2
DA:55,2
DA:56,2
DA:58,2
DA:60,2
DA:63,2
DA:64,2
DA:65,2
DA:67,2
DA:70,2
DA:71,2
DA:74,0
DA:78,2
DA:82,6
DA:83,5
DA:86,3
DA:87,2
DA:88,2
DA:91,1
DA:92,1
DA:93,1
DA:94,1
DA:102,1
DA:104,1
DA:109,1
DA:114,0
DA:118,1
DA:122,6
DA:148,0
DA:152,0
DA:164,1
LF:66
LH:61
BRDA:24,0,0,6
BRDA:24,0,1,6
BRDA:34,1,0,0
BRDA:34,1,1,2
BRDA:39,2,0,2
BRDA:39,2,1,0
BRDA:42,3,0,2
BRDA:42,3,1,0
BRDA:44,4,0,2
BRDA:44,4,1,0
BRDA:46,5,0,0
BRDA:46,5,1,0
BRDA:58,6,0,2
BRDA:58,6,1,0
BRDA:65,7,0,2
BRDA:65,7,1,0
BRDA:70,8,0,2
BRDA:70,8,1,0
BRDA:83,9,0,2
BRDA:83,9,1,3
BRDA:83,10,0,5
BRDA:83,10,1,3
BRDA:86,11,0,2
BRDA:86,11,1,1
BRDA:93,12,0,1
BRDA:93,12,1,0
BRDA:102,13,0,1
BRDA:102,13,1,0
BRDA:141,14,0,6
BRDA:141,14,1,3
BRF:30
BRH:19
end_of_record
TN:
SF:src\modules\Landing\LastLogin.tsx
FN:8,(anonymous_0)
FN:23,(anonymous_1)
FN:38,(anonymous_2)
FNF:3
FNH:3
FNDA:1,(anonymous_0)
FNDA:1,(anonymous_1)
FNDA:1,(anonymous_2)
DA:1,1
DA:8,1
DA:9,1
DA:11,1
DA:13,1
DA:15,0
DA:17,0
DA:19,0
DA:23,1
DA:24,1
DA:26,1
DA:27,1
DA:28,1
DA:29,1
DA:35,1
DA:38,1
DA:39,1
DA:44,1
LF:18
LH:15
BRDA:9,0,0,0
BRDA:9,0,1,1
BRDA:9,1,0,1
BRDA:9,1,1,0
BRDA:11,2,0,1
BRDA:11,2,1,0
BRDA:11,2,2,0
BRDA:11,2,3,0
BRDA:24,3,0,1
BRDA:24,3,1,0
BRF:10
BRH:4
end_of_record
TN:
SF:src\modules\Landing\LeftPanel.tsx
FN:27,(anonymous_1)
FN:36,(anonymous_2)
FN:75,(anonymous_3)
FN:86,(anonymous_4)
FN:87,(anonymous_5)
FN:97,(anonymous_6)
FN:118,(anonymous_7)
FN:118,(anonymous_8)
FN:142,(anonymous_9)
FN:152,(anonymous_10)
FN:168,(anonymous_11)
FNF:11
FNH:8
FNDA:4,(anonymous_1)
FNDA:1,(anonymous_2)
FNDA:2,(anonymous_3)
FNDA:1,(anonymous_4)
FNDA:1,(anonymous_5)
FNDA:2,(anonymous_6)
FNDA:0,(anonymous_7)
FNDA:0,(anonymous_8)
FNDA:1,(anonymous_9)
FNDA:2,(anonymous_10)
FNDA:0,(anonymous_11)
DA:1,1
DA:8,1
DA:14,1
DA:15,1
DA:16,1
DA:27,1
DA:35,4
DA:36,4
DA:37,1
DA:38,1
DA:41,4
DA:75,1
DA:84,2
DA:86,2
DA:87,2
DA:89,2
DA:97,2
DA:98,2
DA:118,0
DA:143,1
DA:153,2
DA:169,0
DA:197,1
LF:23
LH:21
BRDA:33,0,0,2
BRDA:51,1,0,4
BRDA:51,1,1,0
BRDA:52,2,0,1
BRDA:52,2,1,3
BRDA:59,3,0,1
BRDA:59,3,1,3
BRDA:65,4,0,4
BRDA:65,4,1,4
BRDA:65,4,2,2
BRDA:65,4,3,2
BRDA:65,4,4,1
BRDA:71,5,0,4
BRDA:71,5,1,1
BRDA:97,6,0,2
BRDA:97,6,1,0
BRDA:101,7,0,0
BRDA:101,7,1,2
BRDA:127,8,0,0
BRDA:127,8,1,2
BRDA:136,9,0,1
BRDA:136,9,1,1
BRDA:140,10,0,1
BRDA:140,10,1,0
BRDA:186,11,0,2
BRDA:186,11,1,2
BRF:26
BRH:21
end_of_record
TN:
SF:src\modules\Landing\RightPanel.tsx
FN:43,(anonymous_1)
FN:73,(anonymous_2)
FN:78,(anonymous_3)
FN:79,(anonymous_4)
FN:81,(anonymous_5)
FN:88,(anonymous_6)
FN:88,(anonymous_7)
FN:89,(anonymous_8)
FN:90,(anonymous_9)
FN:94,(anonymous_10)
FN:95,(anonymous_11)
FN:95,(anonymous_12)
FN:96,(anonymous_13)
FN:100,(anonymous_14)
FN:101,(anonymous_15)
FN:101,(anonymous_16)
FN:102,(anonymous_17)
FN:106,(anonymous_18)
FN:110,(anonymous_19)
FN:118,(anonymous_20)
FN:123,(anonymous_21)
FN:160,(anonymous_22)
FN:169,(anonymous_23)
FN:178,(anonymous_24)
FN:183,(anonymous_25)
FN:220,(anonymous_26)
FN:233,(anonymous_27)
FN:238,(anonymous_28)
FN:251,(anonymous_29)
FN:256,(anonymous_30)
FN:264,(anonymous_31)
FN:269,(anonymous_32)
FN:277,(anonymous_33)
FN:280,(anonymous_34)
FN:283,(anonymous_35)
FN:305,(anonymous_36)
FN:310,(anonymous_37)
FN:331,(anonymous_38)
FN:337,(anonymous_39)
FN:468,(anonymous_40)
FN:470,(anonymous_41)
FN:486,(anonymous_42)
FN:500,(anonymous_43)
FN:535,(anonymous_44)
FN:544,(anonymous_45)
FN:571,(anonymous_46)
FN:660,(anonymous_47)
FN:670,(anonymous_48)
FN:696,(anonymous_49)
FN:701,(anonymous_50)
FN:744,(anonymous_51)
FN:754,(anonymous_52)
FNF:52
FNH:14
FNDA:3,(anonymous_1)
FNDA:153,(anonymous_2)
FNDA:0,(anonymous_3)
FNDA:0,(anonymous_4)
FNDA:0,(anonymous_5)
FNDA:0,(anonymous_6)
FNDA:0,(anonymous_7)
FNDA:0,(anonymous_8)
FNDA:0,(anonymous_9)
FNDA:0,(anonymous_10)
FNDA:0,(anonymous_11)
FNDA:0,(anonymous_12)
FNDA:0,(anonymous_13)
FNDA:0,(anonymous_14)
FNDA:0,(anonymous_15)
FNDA:0,(anonymous_16)
FNDA:0,(anonymous_17)
FNDA:0,(anonymous_18)
FNDA:0,(anonymous_19)
FNDA:3,(anonymous_20)
FNDA:0,(anonymous_21)
FNDA:0,(anonymous_22)
FNDA:1,(anonymous_23)
FNDA:3,(anonymous_24)
FNDA:0,(anonymous_25)
FNDA:4,(anonymous_26)
FNDA:0,(anonymous_27)
FNDA:0,(anonymous_28)
FNDA:1,(anonymous_29)
FNDA:0,(anonymous_30)
FNDA:1,(anonymous_31)
FNDA:0,(anonymous_32)
FNDA:3,(anonymous_33)
FNDA:0,(anonymous_34)
FNDA:0,(anonymous_35)
FNDA:0,(anonymous_36)
FNDA:1,(anonymous_37)
FNDA:1,(anonymous_38)
FNDA:0,(anonymous_39)
FNDA:0,(anonymous_40)
FNDA:0,(anonymous_41)
FNDA:0,(anonymous_42)
FNDA:0,(anonymous_43)
FNDA:1,(anonymous_44)
FNDA:3,(anonymous_45)
FNDA:1,(anonymous_46)
FNDA:0,(anonymous_47)
FNDA:0,(anonymous_48)
FNDA:0,(anonymous_49)
FNDA:0,(anonymous_50)
FNDA:0,(anonymous_51)
FNDA:0,(anonymous_52)
DA:1,1
DA:17,1
DA:18,1
DA:20,1
DA:21,1
DA:28,1
DA:29,1
DA:30,1
DA:31,1
DA:33,1
DA:34,1
DA:35,1
DA:36,1
DA:37,1
DA:38,1
DA:39,1
DA:43,1
DA:50,3
DA:51,3
DA:55,3
DA:56,3
DA:58,3
DA:59,3
DA:60,3
DA:62,3
DA:63,3
DA:64,3
DA:65,3
DA:66,3
DA:67,3
DA:68,3
DA:69,3
DA:73,3
DA:74,153
DA:76,3
DA:78,3
DA:79,0
DA:80,0
DA:81,0
DA:82,0
DA:83,0
DA:84,0
DA:88,3
DA:89,0
DA:90,0
DA:94,3
DA:95,0
DA:96,0
DA:97,0
DA:100,3
DA:101,0
DA:102,0
DA:103,0
DA:106,3
DA:107,0
DA:109,0
DA:110,0
DA:111,0
DA:114,0
DA:115,0
DA:118,3
DA:119,3
DA:120,0
DA:123,3
DA:128,0
DA:129,0
DA:131,0
DA:132,0
DA:134,0
DA:135,0
DA:136,0
DA:138,0
DA:139,0
DA:140,0
DA:142,0
DA:143,0
DA:147,0
DA:148,0
DA:149,0
DA:150,0
DA:153,0
DA:160,3
DA:161,0
DA:166,0
DA:169,3
DA:170,1
DA:179,3
DA:183,0
DA:220,3
DA:221,4
DA:234,0
DA:238,0
DA:250,3
DA:252,1
DA:254,1
DA:256,0
DA:257,0
DA:259,0
DA:261,0
DA:265,1
DA:267,0
DA:269,0
DA:270,0
DA:272,0
DA:277,3
DA:278,3
DA:280,0
DA:281,0
DA:283,0
DA:284,0
DA:287,0
DA:291,3
DA:294,3
DA:297,3
DA:299,3
DA:302,3
DA:305,3
DA:306,0
DA:307,0
DA:308,0
DA:310,3
DA:311,1
DA:313,1
DA:314,1
DA:315,0
DA:316,0
DA:317,0
DA:318,0
DA:328,0
DA:331,1
DA:332,1
DA:337,0
DA:362,3
DA:469,0
DA:470,0
DA:487,0
DA:488,0
DA:501,0
DA:502,0
DA:503,0
DA:536,1
DA:545,3
DA:546,3
DA:572,1
DA:573,1
DA:574,1
DA:578,1
DA:581,1
DA:660,0
DA:671,0
DA:696,0
DA:701,0
DA:744,0
DA:754,0
DA:777,1
LF:155
LH:77
BRDA:55,0,0,3
BRDA:55,0,1,3
BRDA:90,1,0,0
BRDA:90,1,1,0
BRDA:109,2,0,0
BRDA:109,2,1,0
BRDA:110,3,0,0
BRDA:110,3,1,0
BRDA:119,4,0,3
BRDA:119,4,1,0
BRDA:120,5,0,0
BRDA:120,5,1,0
BRDA:134,6,0,0
BRDA:134,6,1,0
BRDA:134,7,0,0
BRDA:134,7,1,0
BRDA:135,8,0,0
BRDA:135,8,1,0
BRDA:136,9,0,0
BRDA:136,9,1,0
BRDA:138,10,0,0
BRDA:138,10,1,0
BRDA:142,11,0,0
BRDA:142,11,1,0
BRDA:142,12,0,0
BRDA:142,12,1,0
BRDA:149,13,0,0
BRDA:149,13,1,0
BRDA:149,14,0,0
BRDA:149,14,1,0
BRDA:182,15,0,0
BRDA:182,15,1,3
BRDA:198,16,0,0
BRDA:198,16,1,3
BRDA:238,17,0,0
BRDA:238,17,1,0
BRDA:254,18,0,1
BRDA:254,18,1,0
BRDA:257,19,0,0
BRDA:257,19,1,0
BRDA:265,20,0,1
BRDA:265,20,1,0
BRDA:272,21,0,0
BRDA:272,21,1,0
BRDA:278,22,0,3
BRDA:278,22,1,0
BRDA:281,23,0,0
BRDA:281,23,1,0
BRDA:287,24,0,0
BRDA:287,24,1,0
BRDA:291,25,0,0
BRDA:291,25,1,3
BRDA:297,26,0,0
BRDA:297,26,1,3
BRDA:299,27,0,0
BRDA:299,27,1,3
BRDA:302,28,0,0
BRDA:302,28,1,3
BRDA:313,29,0,1
BRDA:313,29,1,0
BRDA:315,30,0,0
BRDA:315,30,1,0
BRDA:317,31,0,0
BRDA:317,31,1,0
BRDA:332,32,0,1
BRDA:332,32,1,0
BRDA:336,33,0,1
BRDA:336,33,1,0
BRDA:343,34,0,1
BRDA:343,34,1,0
BRDA:344,35,0,1
BRDA:344,35,1,0
BRDA:392,36,0,3
BRDA:392,36,1,0
BRDA:394,37,0,3
BRDA:394,37,1,3
BRDA:394,37,2,0
BRDA:414,38,0,3
BRDA:414,38,1,2
BRDA:448,39,0,0
BRDA:448,39,1,2
BRDA:449,40,0,0
BRDA:449,40,1,2
BRDA:451,41,0,0
BRDA:451,41,1,2
BRDA:452,42,0,0
BRDA:452,42,1,2
BRDA:465,43,0,1
BRDA:465,43,1,1
BRDA:466,44,0,1
BRDA:466,44,1,1
BRDA:469,45,0,0
BRDA:469,45,1,0
BRDA:483,46,0,1
BRDA:483,46,1,1
BRDA:484,47,0,1
BRDA:484,47,1,1
BRDA:487,48,0,0
BRDA:487,48,1,0
BRDA:497,49,0,1
BRDA:497,49,1,1
BRDA:498,50,0,1
BRDA:498,50,1,1
BRDA:501,51,0,0
BRDA:501,51,1,0
BRDA:529,52,0,2
BRDA:529,52,1,1
BRDA:551,53,0,1
BRDA:551,53,1,2
BRDA:555,54,0,0
BRDA:555,54,1,1
BRDA:557,55,0,1
BRDA:557,55,1,0
BRDA:562,56,0,1
BRDA:562,56,1,1
BRDA:578,57,0,0
BRDA:578,57,1,1
BRDA:587,58,0,1
BRDA:587,58,1,0
BRDA:594,59,0,2
BRDA:594,59,1,1
BRDA:612,60,0,2
BRDA:612,60,1,1
BRDA:768,61,0,3
BRDA:768,61,1,1
BRF:125
BRH:54
end_of_record
TN:
SF:src\modules\Landing\SearchApplication.tsx
FN:22,(anonymous_1)
FN:27,(anonymous_2)
FN:32,(anonymous_3)
FN:112,(anonymous_4)
FN:128,(anonymous_5)
FN:136,(anonymous_6)
FN:145,(anonymous_7)
FNF:7
FNH:7
FNDA:1,(anonymous_1)
FNDA:9,(anonymous_2)
FNDA:1,(anonymous_3)
FNDA:1,(anonymous_4)
FNDA:25,(anonymous_5)
FNDA:23,(anonymous_6)
FNDA:1,(anonymous_7)
DA:1,1
DA:2,1
DA:3,1
DA:4,1
DA:5,1
DA:7,1
DA:9,1
DA:10,1
DA:11,1
DA:12,1
DA:13,1
DA:14,1
DA:15,1
DA:16,1
DA:22,1
DA:25,1
DA:26,1
DA:27,9
DA:32,1
DA:33,1
DA:34,1
DA:38,1
DA:112,1
DA:128,1
DA:129,25
DA:130,25
DA:133,25
DA:134,25
DA:136,25
DA:137,23
DA:138,23
DA:139,23
DA:140,22
DA:144,25
DA:145,25
DA:146,1
DA:147,1
DA:149,1
DA:155,1
DA:157,0
DA:159,1
DA:162,25
DA:215,1
LF:43
LH:42
BRDA:26,0,0,1
BRDA:26,0,1,0
BRDA:29,1,0,9
BRDA:29,1,1,9
BRDA:33,2,0,1
BRDA:33,2,1,0
BRDA:54,3,0,1
BRDA:54,3,1,0
BRDA:139,4,0,22
BRDA:139,4,1,1
BRDA:187,5,0,25
BRDA:187,5,1,23
BRDA:189,6,0,19
BRDA:189,6,1,6
BRDA:189,7,0,25
BRDA:189,7,1,23
BRDA:206,8,0,1
BRDA:206,8,1,24
BRDA:209,9,0,25
BRDA:209,9,1,1
BRF:20
BRH:17
end_of_record
TN:
SF:src\modules\Login\Login.tsx
FN:25,(anonymous_1)
FN:31,(anonymous_2)
FN:143,(anonymous_3)
FN:166,(anonymous_4)
FNF:4
FNH:4
FNDA:5,(anonymous_1)
FNDA:1,(anonymous_2)
FNDA:14,(anonymous_3)
FNDA:15,(anonymous_4)
DA:1,1
DA:2,1
DA:4,1
DA:5,1
DA:6,1
DA:7,1
DA:9,1
DA:11,1
DA:12,1
DA:13,1
DA:15,1
DA:16,1
DA:17,1
DA:18,1
DA:19,1
DA:25,1
DA:26,5
DA:27,5
DA:28,5
DA:29,5
DA:31,5
DA:32,1
DA:34,1
DA:35,1
DA:41,1
DA:42,1
DA:43,1
DA:45,1
DA:48,0
DA:50,1
DA:54,5
DA:144,14
DA:167,15
DA:249,1
LF:34
LH:33
BRDA:41,0,0,1
BRDA:41,0,1,0
BRDA:207,1,0,0
BRDA:207,1,1,5
BRF:4
BRH:2
end_of_record
TN:
SF:src\store\inbox.columns.ts
FNF:0
FNH:0
DA:3,1
LF:1
LH:1
BRF:0
BRH:0
end_of_record
TN:
SF:src\utils\constant.ts
FNF:0
FNH:0
DA:3,1
DA:10,1
DA:19,1
DA:36,1
DA:48,1
DA:54,1
DA:63,1
DA:70,1
DA:76,1
DA:82,1
DA:88,1
DA:94,1
DA:103,1
DA:112,1
DA:118,1
DA:129,1
DA:135,1
DA:141,1
DA:149,1
DA:157,1
DA:199,1
DA:391,1
LF:22
LH:22
BRF:0
BRH:0
end_of_record
TN:
SF:src\utils\filter.ts
FN:1,(anonymous_0)
FNF:1
FNH:1
FNDA:4,(anonymous_0)
DA:1,2
DA:2,4
DA:3,4
DA:4,4
LF:4
LH:4
BRDA:2,0,0,0
BRDA:2,0,1,4
BRDA:2,1,0,0
BRDA:2,1,1,0
BRDA:3,2,0,0
BRDA:3,2,1,4
BRF:6
BRH:2
end_of_record
TN:
SF:src\utils\styles.ts
FNF:0
FNH:0
DA:1,7
DA:6,7
DA:12,7
DA:20,7
DA:27,7
DA:66,7
DA:79,7
DA:86,7
DA:105,7
DA:112,7
LF:10
LH:10
BRF:0
BRH:0
end_of_record
TN:
SF:src\validations\validation.ts
FNF:0
FNH:0
DA:2,1
LF:1
LH:1
BRF:0
BRH:0
end_of_record
